[31May2026 17:00:38.349] [main/INFO] [cpw.mods.modlauncher.Launcher/MODLAUNCHER]: ModLauncher running: args [--launchTarget, forgeclientuserdev, --version, 21.1.80, --assetIndex, 17, --assetsDir, C:\\Users\\Hamish\\.gradle\\caches\\neoformruntime\\assets, --gameDir, ., --fml.neoForgeVersion, 21.1.80, --fml.fmlVersion, 4.0.31, --fml.mcVersion, 1.21.1, --fml.neoFormVersion, 20240808.144430]
[31May2026 17:00:38.351] [main/INFO] [cpw.mods.modlauncher.Launcher/MODLAUNCHER]: JVM identified as Oracle Corporation Java HotSpot(TM) 64-Bit Server VM 21.0.10+8-LTS-217
[31May2026 17:00:38.352] [main/INFO] [cpw.mods.modlauncher.Launcher/MODLAUNCHER]: ModLauncher 11.0.4+main.d2e20e43 starting: java version 21.0.10 by Oracle Corporation; OS Windows 10 arch amd64 version 10.0
[31May2026 17:00:38.432] [main/INFO] [net.neoforged.fml.loading.ImmediateWindowHandler/]: Loading ImmediateWindowProvider fmlearlywindow
[31May2026 17:00:38.515] [main/INFO] [EARLYDISPLAY/]: Trying GL version 4.6
[31May2026 17:00:38.744] [main/INFO] [EARLYDISPLAY/]: Requested GL version 4.6 got version 4.6
[31May2026 17:00:38.813] [main/INFO] [mixin/]: SpongePowered MIXIN Subsystem Version=0.8.7 Source=union:/C:/Users/Hamish/.gradle/caches/modules-2/files-2.1/net.fabricmc/sponge-mixin/0.15.2+mixin.0.8.7/2af2f021d8e02a0220dc27a7a72b4666d66d44ca/sponge-mixin-0.15.2+mixin.0.8.7.jar%23131!/ Service=ModLauncher Env=CLIENT
[31May2026 17:00:38.976] [pool-2-thread-1/INFO] [EARLYDISPLAY/]: GL info: NVIDIA GeForce GTX 1660/PCIe/SSE2 GL version 4.6.0 NVIDIA 596.36, NVIDIA Corporation
[31May2026 17:00:39.130] [main/INFO] [net.neoforged.fml.loading.moddiscovery.locators.JarInJarDependencyLocator/]: Found 5 dependencies adding them to mods collection
[31May2026 17:00:39.133] [main/INFO] [net.neoforged.fml.loading.moddiscovery.ModDiscoverer/]: 
     Mod List:
		Name Version (Mod Id)

		AutoPortalWaypoints 1.0.2 (autoportalwaypoints)
		Common Networking 1.0.21-1.21.1 (commonnetworking)
		Journeymap 1.21.1-6.0.0-beta.78 (journeymap)
		JourneyMap API 2.0.0-1.21.1-SNAPSHOT (journeymap_api)
		Minecraft 1.21.1 (minecraft)
		NeoForge 21.1.80 (neoforge)
[31May2026 17:00:39.574] [main/INFO] [mixin/]: Compatibility level set to JAVA_17
[31May2026 17:00:39.576] [main/INFO] [mixin/]: Compatibility level set to JAVA_18
[31May2026 17:00:39.577] [main/INFO] [mixin/]: Compatibility level set to JAVA_21
[31May2026 17:00:39.580] [main/INFO] [cpw.mods.modlauncher.LaunchServiceHandler/MODLAUNCHER]: Launching target 'forgeclientuserdev' with arguments [--version, 21.1.80, --gameDir, ., --assetsDir, C:\Users\Hamish\.gradle\caches\neoformruntime\assets, --assetIndex, 17]
[31May2026 17:00:39.623] [main/WARN] [mixin/]: Reference map 'journeymap-refmap.json' for journeymap.mixins.json could not be read. If this is a development environment you can ignore this message
[31May2026 17:00:39.623] [main/WARN] [mixin/]: Reference map 'autoportalwaypoints.refmap.json' for autoportalwaypoints.mixins.json could not be read. If this is a development environment you can ignore this message
[31May2026 17:00:39.803] [main/INFO] [MixinExtras|Service/]: Initializing MixinExtras via com.llamalad7.mixinextras.service.MixinExtrasServiceImpl(version=0.4.1).
[31May2026 17:00:40.881] [Datafixer Bootstrap/INFO] [com.mojang.datafixers.DataFixerBuilder/]: 229 Datafixer optimizations took 287 milliseconds
[31May2026 17:00:43.637] [main/WARN] [net.minecraft.commands.Commands/]: Ambiguity between arguments [teleport, location] and [teleport, destination] with inputs: [0.1 -0.5 .9, 0 0 0]
[31May2026 17:00:43.638] [main/WARN] [net.minecraft.commands.Commands/]: Ambiguity between arguments [teleport, location] and [teleport, targets] with inputs: [0.1 -0.5 .9, 0 0 0]
[31May2026 17:00:43.639] [main/WARN] [net.minecraft.commands.Commands/]: Ambiguity between arguments [teleport, destination] and [teleport, targets] with inputs: [Player, 0123, @e, dd12be42-52a9-4a91-a8a1-11c01849e498]
[31May2026 17:00:43.640] [main/WARN] [net.minecraft.commands.Commands/]: Ambiguity between arguments [teleport, targets] and [teleport, destination] with inputs: [Player, 0123, dd12be42-52a9-4a91-a8a1-11c01849e498]
[31May2026 17:00:43.641] [main/WARN] [net.minecraft.commands.Commands/]: Ambiguity between arguments [teleport, targets, location] and [teleport, targets, destination] with inputs: [0.1 -0.5 .9, 0 0 0]
[31May2026 17:00:43.729] [Render thread/WARN] [net.minecraft.server.packs.VanillaPackResourcesBuilder/]: Assets URL 'union:/E:/Users/Hamish/IdeaProjects/AutoPortalWaypoints/neoforge/build/moddev/artifacts/neoforge-21.1.80-minecraft.jar%23183!/assets/.mcassetsroot' uses unexpected schema
[31May2026 17:00:43.730] [Render thread/WARN] [net.minecraft.server.packs.VanillaPackResourcesBuilder/]: Assets URL 'union:/E:/Users/Hamish/IdeaProjects/AutoPortalWaypoints/neoforge/build/moddev/artifacts/neoforge-21.1.80-minecraft.jar%23183!/data/.mcassetsroot' uses unexpected schema
[31May2026 17:00:43.747] [Render thread/INFO] [com.mojang.authlib.yggdrasil.YggdrasilAuthenticationService/]: Environment: Environment[sessionHost=https://sessionserver.mojang.com, servicesHost=https://api.minecraftservices.com, name=PROD]
[31May2026 17:00:43.752] [Render thread/INFO] [net.minecraft.client.Minecraft/]: Setting user: Dev
[31May2026 17:00:43.797] [Render thread/INFO] [net.minecraft.client.Minecraft/]: Backend library: LWJGL version 3.3.3+5
[31May2026 17:00:43.921] [modloading-worker-0/INFO] [net.neoforged.neoforge.common.NeoForgeMod/NEOFORGE-MOD]: NeoForge mod loading, version 21.1.80, for MC 1.21.1
[31May2026 17:00:44.395] [Render thread/INFO] [net.neoforged.neoforge.gametest.GameTestHooks/]: Enabled Gametest Namespaces: [autoportalwaypoints]
[31May2026 17:00:44.498] [Render thread/INFO] [net.minecraft.server.packs.resources.ReloadableResourceManager/]: Reloading ResourceManager: vanilla, mod_resources, mod/commonnetworking, mod/journeymap_api, mod/journeymap, mod/autoportalwaypoints, mod/neoforge
[31May2026 17:00:44.505] [Worker-Main-1/INFO] [journeymap/]: Loaded null for service interface journeymap.api.services.WebMapService
[31May2026 17:00:44.506] [Worker-Main-1/INFO] [journeymap/]: Loaded journeymap.common.helpers.NeoForgeClientHooks@1e7b7b7a for service interface journeymap.api.services.ClientPlatformService
[31May2026 17:00:44.507] [Worker-Main-1/INFO] [journeymap/]: Loaded journeymap.common.helpers.NeoForgeHooks@3e354fa for service interface journeymap.api.services.CommonPlatformService
[31May2026 17:00:44.517] [Worker-Main-1/INFO] [journeymap/]: Found @JourneyMapPlugin: com._101929ha.autoportalwaypoints.AutoPortalWaypointsNeoforge
[31May2026 17:00:44.554] [Render thread/INFO] [AutoPortalWaypoints/]: This line is printed by an example mod common mixin!
[31May2026 17:00:44.554] [Render thread/INFO] [AutoPortalWaypoints/]: MC Version: release
[31May2026 17:00:44.562] [Forge Version Check/INFO] [net.neoforged.fml.VersionChecker/]: [journeymap] Starting version check at https://neoforge.curseupdate.com/32274/journeymap
[31May2026 17:00:44.577] [Worker-Main-12/INFO] [net.minecraft.client.gui.font.providers.UnihexProvider/]: Found unifont_all_no_pua-15.1.05.hex, loading
[31May2026 17:00:44.593] [Render thread/INFO] [journeymap/]: Journeymap Initializing
[31May2026 17:00:44.644] [Worker-Main-11/INFO] [net.minecraft.client.gui.font.providers.UnihexProvider/]: Found unifont_jp_patch-15.1.05.hex, loading
[31May2026 17:00:44.871] [Forge Version Check/INFO] [net.neoforged.fml.VersionChecker/]: [journeymap] Found status: BETA Current: 1.21.1-6.0.0-beta.78 Target: 1.21.1-6.0.0-beta.52
[31May2026 17:00:45.814] [Render thread/WARN] [net.minecraft.client.sounds.SoundEngine/]: Missing sound for event: minecraft:item.goat_horn.play
[31May2026 17:00:45.815] [Render thread/WARN] [net.minecraft.client.sounds.SoundEngine/]: Missing sound for event: minecraft:entity.goat.screaming.horn_break
[31May2026 17:00:45.848] [Render thread/INFO] [com.mojang.blaze3d.audio.Library/]: OpenAL initialized on device OpenAL Soft on Speakers (2- High Definition Audio Device)
[31May2026 17:00:45.848] [Render thread/INFO] [net.minecraft.client.sounds.SoundEngine/SOUNDS]: Sound engine started
[31May2026 17:00:45.919] [Render thread/INFO] [net.minecraft.client.renderer.texture.TextureAtlas/]: Created: 1024x512x4 minecraft:textures/atlas/blocks.png-atlas
[31May2026 17:00:45.925] [Render thread/INFO] [net.minecraft.client.renderer.texture.TextureAtlas/]: Created: 256x256x4 minecraft:textures/atlas/signs.png-atlas
[31May2026 17:00:45.926] [Render thread/INFO] [net.minecraft.client.renderer.texture.TextureAtlas/]: Created: 512x512x4 minecraft:textures/atlas/shield_patterns.png-atlas
[31May2026 17:00:45.926] [Render thread/INFO] [net.minecraft.client.renderer.texture.TextureAtlas/]: Created: 512x512x4 minecraft:textures/atlas/banner_patterns.png-atlas
[31May2026 17:00:45.926] [Render thread/INFO] [net.minecraft.client.renderer.texture.TextureAtlas/]: Created: 1024x1024x4 minecraft:textures/atlas/armor_trims.png-atlas
[31May2026 17:00:45.933] [Render thread/INFO] [net.minecraft.client.renderer.texture.TextureAtlas/]: Created: 128x64x4 minecraft:textures/atlas/decorated_pot.png-atlas
[31May2026 17:00:45.933] [Render thread/INFO] [net.minecraft.client.renderer.texture.TextureAtlas/]: Created: 256x256x4 minecraft:textures/atlas/chest.png-atlas
[31May2026 17:00:45.933] [Render thread/INFO] [net.minecraft.client.renderer.texture.TextureAtlas/]: Created: 512x256x4 minecraft:textures/atlas/beds.png-atlas
[31May2026 17:00:45.934] [Render thread/INFO] [net.minecraft.client.renderer.texture.TextureAtlas/]: Created: 512x256x4 minecraft:textures/atlas/shulker_boxes.png-atlas
[31May2026 17:00:46.051] [Render thread/INFO] [net.minecraft.client.renderer.texture.TextureAtlas/]: Created: 512x256x0 minecraft:textures/atlas/particles.png-atlas
[31May2026 17:00:46.052] [Render thread/INFO] [net.minecraft.client.renderer.texture.TextureAtlas/]: Created: 512x256x0 minecraft:textures/atlas/paintings.png-atlas
[31May2026 17:00:46.053] [Render thread/INFO] [net.minecraft.client.renderer.texture.TextureAtlas/]: Created: 256x128x0 minecraft:textures/atlas/mob_effects.png-atlas
[31May2026 17:00:46.053] [Render thread/INFO] [net.minecraft.client.renderer.texture.TextureAtlas/]: Created: 64x64x0 minecraft:textures/atlas/map_decorations.png-atlas
[31May2026 17:00:46.053] [Render thread/INFO] [net.minecraft.client.renderer.texture.TextureAtlas/]: Created: 1024x512x0 minecraft:textures/atlas/gui.png-atlas
[31May2026 17:00:46.073] [Render thread/WARN] [net.minecraft.client.renderer.ShaderInstance/]: Shader rendertype_entity_translucent_emissive could not find sampler named Sampler2 in the specified shader program.
[31May2026 17:00:46.102] [Render thread/WARN] [net.minecraft.client.renderer.ShaderInstance/]: Shader journeymap:sepia_3 could not find uniform named ColorModulator in the specified shader program.
[31May2026 17:00:46.103] [Render thread/WARN] [net.minecraft.client.renderer.ShaderInstance/]: Shader journeymap:sepia_2 could not find uniform named ColorModulator in the specified shader program.
[31May2026 17:00:46.103] [Render thread/WARN] [net.minecraft.client.renderer.ShaderInstance/]: Shader journeymap:sepia_1 could not find uniform named ColorModulator in the specified shader program.
[31May2026 17:00:46.111] [Render thread/INFO] [net.neoforged.neoforge.client.entity.animation.json.AnimationLoader/]: Loaded 0 entity animations
[31May2026 17:00:46.115] [Render thread/INFO] [AutoPortalWaypoints/]: This line is printed by an example mod mixin from NeoForge!
[31May2026 17:00:46.115] [Render thread/INFO] [AutoPortalWaypoints/]: MC Version: release
[31May2026 17:00:46.140] [Render thread/INFO] [AutoPortalWaypoints/]: This line is printed by an example mod mixin from NeoForge!
[31May2026 17:00:46.140] [Render thread/INFO] [AutoPortalWaypoints/]: MC Version: release
[31May2026 17:00:48.167] [Render thread/INFO] [AutoPortalWaypoints/]: This line is printed by an example mod mixin from NeoForge!
[31May2026 17:00:48.168] [Render thread/INFO] [AutoPortalWaypoints/]: MC Version: release
[31May2026 17:01:21.014] [Render thread/INFO] [AutoPortalWaypoints/]: This line is printed by an example mod mixin from NeoForge!
[31May2026 17:01:21.014] [Render thread/INFO] [AutoPortalWaypoints/]: MC Version: release
[31May2026 17:01:23.374] [Render thread/INFO] [net.minecraft.world.item.crafting.RecipeManager/]: Loaded 1290 recipes
[31May2026 17:01:23.450] [Render thread/INFO] [net.minecraft.advancements.AdvancementTree/]: Loaded 1399 advancements
[31May2026 17:01:23.713] [Server thread/INFO] [net.minecraft.client.server.IntegratedServer/]: Starting integrated minecraft server version 1.21.1
[31May2026 17:01:23.713] [Server thread/INFO] [net.minecraft.server.MinecraftServer/]: Generating keypair
[31May2026 17:01:24.365] [Server thread/INFO] [net.minecraft.server.MinecraftServer/]: Preparing start region for dimension minecraft:overworld
[31May2026 17:01:24.545] [progressListener/INFO] [net.minecraft.server.level.progress.LoggerChunkProgressListener/]: Preparing spawn area: 0%
[31May2026 17:01:24.619] [Server thread/INFO] [net.neoforged.neoforge.server.permission.PermissionAPI/]: Successfully initialized permission handler neoforge:default_handler
[31May2026 17:01:24.799] [progressListener/INFO] [net.minecraft.server.level.progress.LoggerChunkProgressListener/]: Time elapsed: 413 ms
[31May2026 17:01:25.003] [Server thread/INFO] [net.minecraft.client.server.IntegratedServer/]: Changing view distance to 12, from 10
[31May2026 17:01:25.003] [Server thread/INFO] [net.minecraft.client.server.IntegratedServer/]: Changing simulation distance to 12, from 0
[31May2026 17:01:26.029] [Server thread/INFO] [net.minecraft.server.players.PlayerList/]: Dev[local:E:edb8dec8] logged in with entity id 66 at (53.489186885143965, 78.50964537741942, -17.5)
[31May2026 17:01:26.076] [Server thread/INFO] [net.minecraft.server.MinecraftServer/]: Dev joined the game
[31May2026 17:01:26.148] [Render thread/INFO] [net.minecraft.advancements.AdvancementTree/]: Loaded 32 advancements
[31May2026 17:01:27.030] [Render thread/INFO] [net.minecraft.advancements.AdvancementTree/]: Loaded 32 advancements
[31May2026 17:01:27.788] [Render thread/INFO] [net.minecraft.client.gui.components.ChatComponent/]: [System] [CHAT] JourneyMap: Press [J]
[31May2026 17:01:36.129] [Render thread/INFO] [AutoPortalWaypoints/]: Portal marked at BlockPos{x=340, y=72, z=-116} in ResourceKey[minecraft:dimension / minecraft:overworld]
[31May2026 17:01:42.627] [Server thread/INFO] [net.minecraft.client.server.IntegratedServer/]: Saving and pausing game...
[31May2026 17:01:42.645] [Server thread/INFO] [net.minecraft.server.MinecraftServer/]: Saving chunks for level 'ServerLevel[New World 1]'/minecraft:overworld
[31May2026 17:01:42.676] [Server thread/INFO] [net.minecraft.server.MinecraftServer/]: Saving chunks for level 'ServerLevel[New World 1]'/minecraft:the_nether
[31May2026 17:01:42.685] [Server thread/INFO] [net.minecraft.server.MinecraftServer/]: Saving chunks for level 'ServerLevel[New World 1]'/minecraft:the_end
[31May2026 17:01:47.890] [Render thread/INFO] [AutoPortalWaypoints/]: Portal marked at BlockPos{x=54, y=78, z=-18} in ResourceKey[minecraft:dimension / minecraft:the_nether]
[31May2026 17:01:53.428] [Render thread/ERROR] [net.neoforged.bus.EventBus/EVENTBUS]: Exception caught during firing event: Cannot get config value before config is loaded.
	Index: 0
	Listeners:
		0: net.neoforged.bus.EventListenerFactory$newTick/0x000001d4b1da8400@65463b83
java.lang.IllegalStateException: Cannot get config value before config is loaded.
	at MC-BOOTSTRAP/com.google.common@32.1.2-jre/com.google.common.base.Preconditions.checkState(Preconditions.java:512)
	at TRANSFORMER/neoforge@21.1.80/net.neoforged.neoforge.common.ModConfigSpec$ConfigValue.getRaw(ModConfigSpec.java:1235)
	at TRANSFORMER/neoforge@21.1.80/net.neoforged.neoforge.common.ModConfigSpec$ConfigValue.get(ModConfigSpec.java:1222)
	at TRANSFORMER/autoportalwaypoints@1.0.2/com._101929ha.autoportalwaypoints.AutoPortalWaypointsNeoforge.isDuplicateWaypoint(AutoPortalWaypoints.java:95)
	at TRANSFORMER/autoportalwaypoints@1.0.2/com._101929ha.autoportalwaypoints.AutoPortalWaypointsNeoforge.newTick(AutoPortalWaypoints.java:118)
	at MC-BOOTSTRAP/net.neoforged.bus/net.neoforged.bus.EventBus.post(EventBus.java:350)
	at MC-BOOTSTRAP/net.neoforged.bus/net.neoforged.bus.EventBus.post(EventBus.java:315)
	at TRANSFORMER/neoforge@21.1.80/net.neoforged.neoforge.event.EventHooks.firePlayerTickPost(EventHooks.java:962)
	at TRANSFORMER/minecraft@1.21.1/net.minecraft.world.entity.player.Player.tick(Player.java:335)
	at TRANSFORMER/minecraft@1.21.1/net.minecraft.client.player.AbstractClientPlayer.tick(AbstractClientPlayer.java:59)
	at TRANSFORMER/minecraft@1.21.1/net.minecraft.client.player.LocalPlayer.tick(LocalPlayer.java:237)
	at TRANSFORMER/minecraft@1.21.1/net.minecraft.client.multiplayer.ClientLevel.tickNonPassenger(ClientLevel.java:302)
	at TRANSFORMER/minecraft@1.21.1/net.minecraft.world.level.Level.guardEntityTick(Level.java:604)
	at TRANSFORMER/minecraft@1.21.1/net.minecraft.client.multiplayer.ClientLevel.lambda$tickEntities$4(ClientLevel.java:284)
	at TRANSFORMER/minecraft@1.21.1/net.minecraft.world.level.entity.EntityTickList.forEach(EntityTickList.java:53)
	at TRANSFORMER/minecraft@1.21.1/net.minecraft.client.multiplayer.ClientLevel.tickEntities(ClientLevel.java:282)
	at TRANSFORMER/minecraft@1.21.1/net.minecraft.client.Minecraft.tick(Minecraft.java:1868)
	at TRANSFORMER/minecraft@1.21.1/net.minecraft.client.Minecraft.runTick(Minecraft.java:1167)
	at TRANSFORMER/minecraft@1.21.1/net.minecraft.client.Minecraft.run(Minecraft.java:813)
	at TRANSFORMER/minecraft@1.21.1/net.minecraft.client.main.Main.main(Main.java:230)
	at java.base/jdk.internal.reflect.DirectMethodHandleAccessor.invoke(DirectMethodHandleAccessor.java:103)
	at java.base/java.lang.reflect.Method.invoke(Method.java:580)
	at MC-BOOTSTRAP/fml_loader@4.0.31/net.neoforged.fml.loading.targets.CommonLaunchHandler.runTarget(CommonLaunchHandler.java:136)
	at MC-BOOTSTRAP/fml_loader@4.0.31/net.neoforged.fml.loading.targets.CommonLaunchHandler.clientService(CommonLaunchHandler.java:124)
	at MC-BOOTSTRAP/fml_loader@4.0.31/net.neoforged.fml.loading.targets.NeoForgeClientUserdevLaunchHandler.runService(NeoForgeClientUserdevLaunchHandler.java:23)
	at MC-BOOTSTRAP/fml_loader@4.0.31/net.neoforged.fml.loading.targets.CommonLaunchHandler.lambda$launchService$4(CommonLaunchHandler.java:118)
	at MC-BOOTSTRAP/cpw.mods.modlauncher@11.0.4/cpw.mods.modlauncher.LaunchServiceHandlerDecorator.launch(LaunchServiceHandlerDecorator.java:30)
	at MC-BOOTSTRAP/cpw.mods.modlauncher@11.0.4/cpw.mods.modlauncher.LaunchServiceHandler.launch(LaunchServiceHandler.java:53)
	at MC-BOOTSTRAP/cpw.mods.modlauncher@11.0.4/cpw.mods.modlauncher.LaunchServiceHandler.launch(LaunchServiceHandler.java:71)
	at MC-BOOTSTRAP/cpw.mods.modlauncher@11.0.4/cpw.mods.modlauncher.Launcher.run(Launcher.java:103)
	at MC-BOOTSTRAP/cpw.mods.modlauncher@11.0.4/cpw.mods.modlauncher.Launcher.main(Launcher.java:74)
	at MC-BOOTSTRAP/cpw.mods.modlauncher@11.0.4/cpw.mods.modlauncher.BootstrapLaunchConsumer.accept(BootstrapLaunchConsumer.java:26)
	at MC-BOOTSTRAP/cpw.mods.modlauncher@11.0.4/cpw.mods.modlauncher.BootstrapLaunchConsumer.accept(BootstrapLaunchConsumer.java:23)
	at cpw.mods.bootstraplauncher@2.0.2/cpw.mods.bootstraplauncher.BootstrapLauncher.run(BootstrapLauncher.java:210)
	at cpw.mods.bootstraplauncher@2.0.2/cpw.mods.bootstraplauncher.BootstrapLauncher.main(BootstrapLauncher.java:69)
	at java.base/jdk.internal.reflect.DirectMethodHandleAccessor.invoke(DirectMethodHandleAccessor.java:103)
	at java.base/java.lang.reflect.Method.invoke(Method.java:580)
	at net.neoforged.devlaunch.Main.main(Main.java:55)

[31May2026 17:01:53.461] [Server thread/ERROR] [net.neoforged.bus.EventBus/EVENTBUS]: Exception caught during firing event: Cannot get config value before config is loaded.
	Index: 0
	Listeners:
		0: net.neoforged.bus.EventListenerFactory$newTick/0x000001d4b1da8400@65463b83
java.lang.IllegalStateException: Cannot get config value before config is loaded.
	at MC-BOOTSTRAP/com.google.common@32.1.2-jre/com.google.common.base.Preconditions.checkState(Preconditions.java:512)
	at TRANSFORMER/neoforge@21.1.80/net.neoforged.neoforge.common.ModConfigSpec$ConfigValue.getRaw(ModConfigSpec.java:1235)
	at TRANSFORMER/neoforge@21.1.80/net.neoforged.neoforge.common.ModConfigSpec$ConfigValue.get(ModConfigSpec.java:1222)
	at TRANSFORMER/autoportalwaypoints@1.0.2/com._101929ha.autoportalwaypoints.AutoPortalWaypointsNeoforge.isDuplicateWaypoint(AutoPortalWaypoints.java:95)
	at TRANSFORMER/autoportalwaypoints@1.0.2/com._101929ha.autoportalwaypoints.AutoPortalWaypointsNeoforge.newTick(AutoPortalWaypoints.java:118)
	at MC-BOOTSTRAP/net.neoforged.bus/net.neoforged.bus.EventBus.post(EventBus.java:350)
	at MC-BOOTSTRAP/net.neoforged.bus/net.neoforged.bus.EventBus.post(EventBus.java:315)
	at TRANSFORMER/neoforge@21.1.80/net.neoforged.neoforge.event.EventHooks.firePlayerTickPost(EventHooks.java:962)
	at TRANSFORMER/minecraft@1.21.1/net.minecraft.world.entity.player.Player.tick(Player.java:335)
	at TRANSFORMER/minecraft@1.21.1/net.minecraft.server.level.ServerPlayer.doTick(ServerPlayer.java:571)
	at TRANSFORMER/minecraft@1.21.1/net.minecraft.server.network.ServerGamePacketListenerImpl.tick(ServerGamePacketListenerImpl.java:266)
	at TRANSFORMER/minecraft@1.21.1/net.minecraft.network.Connection.tick(Connection.java:421)
	at TRANSFORMER/minecraft@1.21.1/net.minecraft.server.network.ServerConnectionListener.tick(ServerConnectionListener.java:174)
	at TRANSFORMER/minecraft@1.21.1/net.minecraft.server.MinecraftServer.tickChildren(MinecraftServer.java:1066)
	at TRANSFORMER/minecraft@1.21.1/net.minecraft.server.MinecraftServer.tickServer(MinecraftServer.java:932)
	at TRANSFORMER/minecraft@1.21.1/net.minecraft.client.server.IntegratedServer.tickServer(IntegratedServer.java:113)
	at TRANSFORMER/minecraft@1.21.1/net.minecraft.server.MinecraftServer.runServer(MinecraftServer.java:713)
	at TRANSFORMER/minecraft@1.21.1/net.minecraft.server.MinecraftServer.lambda$spin$2(MinecraftServer.java:267)
	at java.base/java.lang.Thread.run(Thread.java:1583)

[31May2026 17:01:53.525] [Server thread/ERROR] [net.minecraft.server.MinecraftServer/]: Encountered an unexpected exception
net.minecraft.ReportedException: Ticking player
	at TRANSFORMER/minecraft@1.21.1/net.minecraft.server.network.ServerConnectionListener.tick(ServerConnectionListener.java:177) ~[neoforge-21.1.80-minecraft.jar%23183!/:?]
	at TRANSFORMER/minecraft@1.21.1/net.minecraft.server.MinecraftServer.tickChildren(MinecraftServer.java:1066) ~[neoforge-21.1.80-minecraft.jar%23183!/:?]
	at TRANSFORMER/minecraft@1.21.1/net.minecraft.server.MinecraftServer.tickServer(MinecraftServer.java:932) ~[neoforge-21.1.80-minecraft.jar%23183!/:?]
	at TRANSFORMER/minecraft@1.21.1/net.minecraft.client.server.IntegratedServer.tickServer(IntegratedServer.java:113) ~[neoforge-21.1.80-minecraft.jar%23183!/:?]
	at TRANSFORMER/minecraft@1.21.1/net.minecraft.server.MinecraftServer.runServer(MinecraftServer.java:713) ~[neoforge-21.1.80-minecraft.jar%23183!/:?]
	at TRANSFORMER/minecraft@1.21.1/net.minecraft.server.MinecraftServer.lambda$spin$2(MinecraftServer.java:267) ~[neoforge-21.1.80-minecraft.jar%23183!/:?]
	at java.base/java.lang.Thread.run(Thread.java:1583) [?:?]
Caused by: java.lang.IllegalStateException: Cannot get config value before config is loaded.
	at MC-BOOTSTRAP/com.google.common@32.1.2-jre/com.google.common.base.Preconditions.checkState(Preconditions.java:512) ~[guava-32.1.2-jre.jar%23106!/:?]
	at TRANSFORMER/neoforge@21.1.80/net.neoforged.neoforge.common.ModConfigSpec$ConfigValue.getRaw(ModConfigSpec.java:1235) ~[neoforge-21.1.80-minecraft.jar%23184!/:?]
	at TRANSFORMER/neoforge@21.1.80/net.neoforged.neoforge.common.ModConfigSpec$ConfigValue.get(ModConfigSpec.java:1222) ~[neoforge-21.1.80-minecraft.jar%23184!/:?]
	at TRANSFORMER/autoportalwaypoints@1.0.2/com._101929ha.autoportalwaypoints.AutoPortalWaypointsNeoforge.isDuplicateWaypoint(AutoPortalWaypoints.java:95) ~[%23185!/:?]
	at TRANSFORMER/autoportalwaypoints@1.0.2/com._101929ha.autoportalwaypoints.AutoPortalWaypointsNeoforge.newTick(AutoPortalWaypoints.java:118) ~[%23185!/:?]
	at MC-BOOTSTRAP/net.neoforged.bus/net.neoforged.bus.EventBus.post(EventBus.java:350) ~[bus-8.0.2.jar%23143!/:?]
	at MC-BOOTSTRAP/net.neoforged.bus/net.neoforged.bus.EventBus.post(EventBus.java:315) ~[bus-8.0.2.jar%23143!/:?]
	at TRANSFORMER/neoforge@21.1.80/net.neoforged.neoforge.event.EventHooks.firePlayerTickPost(EventHooks.java:962) ~[neoforge-21.1.80-minecraft.jar%23184!/:?]
	at TRANSFORMER/minecraft@1.21.1/net.minecraft.world.entity.player.Player.tick(Player.java:335) ~[neoforge-21.1.80-minecraft.jar%23183!/:?]
	at TRANSFORMER/minecraft@1.21.1/net.minecraft.server.level.ServerPlayer.doTick(ServerPlayer.java:571) ~[neoforge-21.1.80-minecraft.jar%23183!/:?]
	at TRANSFORMER/minecraft@1.21.1/net.minecraft.server.network.ServerGamePacketListenerImpl.tick(ServerGamePacketListenerImpl.java:266) ~[neoforge-21.1.80-minecraft.jar%23183!/:?]
	at TRANSFORMER/minecraft@1.21.1/net.minecraft.network.Connection.tick(Connection.java:421) ~[neoforge-21.1.80-minecraft.jar%23183!/:?]
	at TRANSFORMER/minecraft@1.21.1/net.minecraft.server.network.ServerConnectionListener.tick(ServerConnectionListener.java:174) ~[neoforge-21.1.80-minecraft.jar%23183!/:?]
	... 6 more
[31May2026 17:01:53.525] [Render thread/ERROR] [net.minecraft.client.Minecraft/FATAL]: Reported exception thrown!
net.minecraft.ReportedException: Ticking entity
	at TRANSFORMER/minecraft@1.21.1/net.minecraft.world.level.Level.guardEntityTick(Level.java:613) ~[neoforge-21.1.80-minecraft.jar%23183!/:?]
	at TRANSFORMER/minecraft@1.21.1/net.minecraft.client.multiplayer.ClientLevel.lambda$tickEntities$4(ClientLevel.java:284) ~[neoforge-21.1.80-minecraft.jar%23183!/:?]
	at TRANSFORMER/minecraft@1.21.1/net.minecraft.world.level.entity.EntityTickList.forEach(EntityTickList.java:53) ~[neoforge-21.1.80-minecraft.jar%23183!/:?]
	at TRANSFORMER/minecraft@1.21.1/net.minecraft.client.multiplayer.ClientLevel.tickEntities(ClientLevel.java:282) ~[neoforge-21.1.80-minecraft.jar%23183!/:?]
	at TRANSFORMER/minecraft@1.21.1/net.minecraft.client.Minecraft.tick(Minecraft.java:1868) ~[neoforge-21.1.80-minecraft.jar%23183!/:?]
	at TRANSFORMER/minecraft@1.21.1/net.minecraft.client.Minecraft.runTick(Minecraft.java:1167) ~[neoforge-21.1.80-minecraft.jar%23183!/:?]
	at TRANSFORMER/minecraft@1.21.1/net.minecraft.client.Minecraft.run(Minecraft.java:813) ~[neoforge-21.1.80-minecraft.jar%23183!/:?]
	at TRANSFORMER/minecraft@1.21.1/net.minecraft.client.main.Main.main(Main.java:230) ~[neoforge-21.1.80-minecraft.jar%23183!/:?]
	at java.base/jdk.internal.reflect.DirectMethodHandleAccessor.invoke(DirectMethodHandleAccessor.java:103) ~[?:?]
	at java.base/java.lang.reflect.Method.invoke(Method.java:580) ~[?:?]
	at MC-BOOTSTRAP/fml_loader@4.0.31/net.neoforged.fml.loading.targets.CommonLaunchHandler.runTarget(CommonLaunchHandler.java:136) ~[loader-4.0.31.jar%23139!/:4.0]
	at MC-BOOTSTRAP/fml_loader@4.0.31/net.neoforged.fml.loading.targets.CommonLaunchHandler.clientService(CommonLaunchHandler.java:124) ~[loader-4.0.31.jar%23139!/:4.0]
	at MC-BOOTSTRAP/fml_loader@4.0.31/net.neoforged.fml.loading.targets.NeoForgeClientUserdevLaunchHandler.runService(NeoForgeClientUserdevLaunchHandler.java:23) ~[loader-4.0.31.jar%23139!/:4.0]
	at MC-BOOTSTRAP/fml_loader@4.0.31/net.neoforged.fml.loading.targets.CommonLaunchHandler.lambda$launchService$4(CommonLaunchHandler.java:118) ~[loader-4.0.31.jar%23139!/:4.0]
	at MC-BOOTSTRAP/cpw.mods.modlauncher@11.0.4/cpw.mods.modlauncher.LaunchServiceHandlerDecorator.launch(LaunchServiceHandlerDecorator.java:30) [modlauncher-11.0.4.jar%23121!/:?]
	at MC-BOOTSTRAP/cpw.mods.modlauncher@11.0.4/cpw.mods.modlauncher.LaunchServiceHandler.launch(LaunchServiceHandler.java:53) [modlauncher-11.0.4.jar%23121!/:?]
	at MC-BOOTSTRAP/cpw.mods.modlauncher@11.0.4/cpw.mods.modlauncher.LaunchServiceHandler.launch(LaunchServiceHandler.java:71) [modlauncher-11.0.4.jar%23121!/:?]
	at MC-BOOTSTRAP/cpw.mods.modlauncher@11.0.4/cpw.mods.modlauncher.Launcher.run(Launcher.java:103) [modlauncher-11.0.4.jar%23121!/:?]
	at MC-BOOTSTRAP/cpw.mods.modlauncher@11.0.4/cpw.mods.modlauncher.Launcher.main(Launcher.java:74) [modlauncher-11.0.4.jar%23121!/:?]
	at MC-BOOTSTRAP/cpw.mods.modlauncher@11.0.4/cpw.mods.modlauncher.BootstrapLaunchConsumer.accept(BootstrapLaunchConsumer.java:26) [modlauncher-11.0.4.jar%23121!/:?]
	at MC-BOOTSTRAP/cpw.mods.modlauncher@11.0.4/cpw.mods.modlauncher.BootstrapLaunchConsumer.accept(BootstrapLaunchConsumer.java:23) [modlauncher-11.0.4.jar%23121!/:?]
	at cpw.mods.bootstraplauncher@2.0.2/cpw.mods.bootstraplauncher.BootstrapLauncher.run(BootstrapLauncher.java:210) [bootstraplauncher-2.0.2.jar:?]
	at cpw.mods.bootstraplauncher@2.0.2/cpw.mods.bootstraplauncher.BootstrapLauncher.main(BootstrapLauncher.java:69) [bootstraplauncher-2.0.2.jar:?]
	at java.base/jdk.internal.reflect.DirectMethodHandleAccessor.invoke(DirectMethodHandleAccessor.java:103) ~[?:?]
	at java.base/java.lang.reflect.Method.invoke(Method.java:580) ~[?:?]
	at net.neoforged.devlaunch.Main.main(Main.java:55) [DevLaunch-1.0.1.jar:?]
Caused by: java.lang.IllegalStateException: Cannot get config value before config is loaded.
	at MC-BOOTSTRAP/com.google.common@32.1.2-jre/com.google.common.base.Preconditions.checkState(Preconditions.java:512) ~[guava-32.1.2-jre.jar%23106!/:?]
	at TRANSFORMER/neoforge@21.1.80/net.neoforged.neoforge.common.ModConfigSpec$ConfigValue.getRaw(ModConfigSpec.java:1235) ~[neoforge-21.1.80-minecraft.jar%23184!/:?]
	at TRANSFORMER/neoforge@21.1.80/net.neoforged.neoforge.common.ModConfigSpec$ConfigValue.get(ModConfigSpec.java:1222) ~[neoforge-21.1.80-minecraft.jar%23184!/:?]
	at TRANSFORMER/autoportalwaypoints@1.0.2/com._101929ha.autoportalwaypoints.AutoPortalWaypointsNeoforge.isDuplicateWaypoint(AutoPortalWaypoints.java:95) ~[%23185!/:?]
	at TRANSFORMER/autoportalwaypoints@1.0.2/com._101929ha.autoportalwaypoints.AutoPortalWaypointsNeoforge.newTick(AutoPortalWaypoints.java:118) ~[%23185!/:?]
	at MC-BOOTSTRAP/net.neoforged.bus/net.neoforged.bus.EventBus.post(EventBus.java:350) ~[bus-8.0.2.jar%23143!/:?]
	at MC-BOOTSTRAP/net.neoforged.bus/net.neoforged.bus.EventBus.post(EventBus.java:315) ~[bus-8.0.2.jar%23143!/:?]
	at TRANSFORMER/neoforge@21.1.80/net.neoforged.neoforge.event.EventHooks.firePlayerTickPost(EventHooks.java:962) ~[neoforge-21.1.80-minecraft.jar%23184!/:?]
	at TRANSFORMER/minecraft@1.21.1/net.minecraft.world.entity.player.Player.tick(Player.java:335) ~[neoforge-21.1.80-minecraft.jar%23183!/:?]
	at TRANSFORMER/minecraft@1.21.1/net.minecraft.client.player.AbstractClientPlayer.tick(AbstractClientPlayer.java:59) ~[neoforge-21.1.80-minecraft.jar%23183!/:?]
	at TRANSFORMER/minecraft@1.21.1/net.minecraft.client.player.LocalPlayer.tick(LocalPlayer.java:237) ~[neoforge-21.1.80-minecraft.jar%23183!/:?]
	at TRANSFORMER/minecraft@1.21.1/net.minecraft.client.multiplayer.ClientLevel.tickNonPassenger(ClientLevel.java:302) ~[neoforge-21.1.80-minecraft.jar%23183!/:?]
	at TRANSFORMER/minecraft@1.21.1/net.minecraft.world.level.Level.guardEntityTick(Level.java:604) ~[neoforge-21.1.80-minecraft.jar%23183!/:?]
	... 25 more
[31May2026 17:01:53.718] [Server thread/FATAL] [net.neoforged.neoforge.common.NeoForgeMod/]: Preparing crash report with UUID 9b2df448-d668-41f8-a6c1-c9de37962d8e
[31May2026 17:01:53.719] [Server thread/ERROR] [net.minecraft.server.MinecraftServer/]: This crash report has been saved to: E:\Users\Hamish\IdeaProjects\AutoPortalWaypoints\neoforge\run\.\crash-reports\crash-2026-05-31_17.01.53-server.txt
[31May2026 17:01:53.719] [Server thread/INFO] [net.minecraft.server.MinecraftServer/]: Stopping server
[31May2026 17:01:53.721] [Server thread/INFO] [net.minecraft.server.MinecraftServer/]: Saving players
[31May2026 17:01:53.727] [Server thread/INFO] [net.minecraft.server.MinecraftServer/]: Saving worlds
[31May2026 17:01:54.530] [Server thread/INFO] [net.minecraft.server.MinecraftServer/]: Saving chunks for level 'ServerLevel[New World 1]'/minecraft:overworld
[31May2026 17:01:54.575] [Server thread/INFO] [net.minecraft.server.MinecraftServer/]: Saving chunks for level 'ServerLevel[New World 1]'/minecraft:the_nether
[31May2026 17:01:54.601] [Server thread/INFO] [net.minecraft.server.MinecraftServer/]: Saving chunks for level 'ServerLevel[New World 1]'/minecraft:the_end
[31May2026 17:01:54.610] [Server thread/INFO] [net.minecraft.server.MinecraftServer/]: ThreadedAnvilChunkStorage (New World 1): All chunks are saved
[31May2026 17:01:54.610] [Server thread/INFO] [net.minecraft.server.MinecraftServer/]: ThreadedAnvilChunkStorage (DIM-1): All chunks are saved
[31May2026 17:01:54.610] [Server thread/INFO] [net.minecraft.server.MinecraftServer/]: ThreadedAnvilChunkStorage (DIM1): All chunks are saved
[31May2026 17:01:54.610] [Server thread/INFO] [net.minecraft.server.MinecraftServer/]: ThreadedAnvilChunkStorage: All dimensions are saved
[31May2026 17:01:54.811] [Render thread/FATAL] [net.neoforged.neoforge.common.NeoForgeMod/]: Preparing crash report with UUID b1de7ed8-92a1-4443-94b7-e7365a0420b1
[31May2026 17:01:54.836] [Render thread/FATAL] [net.neoforged.neoforge.common.NeoForgeMod/]: Preparing crash report with UUID 2fbfac4b-8c34-4381-ae58-027b27b7b3b1
