[18:33:05] [main/INFO] (FabricLoader/GameProvider) Loading Minecraft 1.21.1 with Fabric Loader 0.16.9
[18:33:05] [main/DEBUG] (FabricLoader/GamePatch) Found game constructor: net.minecraft.client.main.Main -> net.minecraft.client.Minecraft
[18:33:05] [main/DEBUG] (FabricLoader/GamePatch) Patching game constructor <init>(Lnet/minecraft/client/main/GameConfig;)V
[18:33:05] [main/DEBUG] (FabricLoader/GamePatch) Run directory field is thought to be net/minecraft/client/Minecraft/gameDirectory
[18:33:05] [main/DEBUG] (FabricLoader/GamePatch) Applying brand name hook to net/minecraft/client/ClientBrandRetriever::getClientModName
[18:33:05] [main/DEBUG] (FabricLoader/GamePatch) Applying brand name hook to net/minecraft/server/MinecraftServer::getServerModName
[18:33:05] [main/DEBUG] (FabricLoader/Mappings) Loading mappings took 66 ms
[18:33:05] [main/DEBUG] (FabricLoader/GamePatch) Patched 3 classs
[18:33:05] [main/DEBUG] (FabricLoader/Discovery) Mod discovery time: 13.4 ms
[18:33:05] [main/DEBUG] (FabricLoader/Resolution) Mod resolution time: 36.1 ms
[18:33:05] [main/INFO] (FabricLoader) Loading 55 mods:
	- autoportalwaypoints 1.0.2
	- fabric-api 0.109.0+1.21.1
	- fabric-api-base 0.4.42+6573ed8c19
	- fabric-api-lookup-api-v1 1.6.70+b559734419
	- fabric-biome-api-v1 13.0.30+be1ed2d719
	- fabric-block-api-v1 1.0.22+0af3f5a719
	- fabric-block-view-api-v2 1.0.10+6573ed8c19
	- fabric-blockrenderlayer-v1 1.1.52+0af3f5a719
	- fabric-client-tags-api-v1 1.1.15+6573ed8c19
	- fabric-command-api-v1 1.2.49+f71b366f19
	- fabric-command-api-v2 2.2.28+6ced4dd919
	- fabric-commands-v0 0.2.66+df3654b319
	- fabric-content-registries-v0 8.0.18+b559734419
	- fabric-convention-tags-v1 2.1.2+7f945d5b19
	- fabric-convention-tags-v2 2.9.2+e60e56d419
	- fabric-crash-report-info-v1 0.2.29+0af3f5a719
	- fabric-data-attachment-api-v1 1.4.0+da19b51a19
	- fabric-data-generation-api-v1 20.2.23+16c4ae2519
	- fabric-dimensions-v1 4.0.0+6fc22b9919
	- fabric-entity-events-v1 1.7.0+2122d82819
	- fabric-events-interaction-v0 0.7.13+ba9dae0619
	- fabric-game-rule-api-v1 1.0.53+6ced4dd919
	- fabric-gametest-api-v1 2.0.5+6fc22b9919
	- fabric-item-api-v1 11.1.1+d5debaed19
	- fabric-item-group-api-v1 4.1.6+6823f7cd19
	- fabric-key-binding-api-v1 1.0.47+0af3f5a719
	- fabric-keybindings-v0 0.2.45+df3654b319
	- fabric-lifecycle-events-v1 2.5.0+01d9a51c19
	- fabric-loot-api-v2 3.0.15+3f89f5a519
	- fabric-loot-api-v3 1.0.3+3f89f5a519
	- fabric-message-api-v1 6.0.13+6573ed8c19
	- fabric-model-loading-api-v1 2.0.0+fe474d6b19
	- fabric-networking-api-v1 4.3.0+c7469b2119
	- fabric-object-builder-api-v1 15.2.1+40875a9319
	- fabric-particles-v1 4.0.2+6573ed8c19
	- fabric-recipe-api-v1 5.0.13+6508971219
	- fabric-registry-sync-v0 5.1.3+60c3209b19
	- fabric-renderer-api-v1 3.4.0+c705a49c19
	- fabric-renderer-indigo 1.7.0+c705a49c19
	- fabric-renderer-registries-v1 3.2.68+df3654b319
	- fabric-rendering-data-attachment-v1 0.3.48+73761d2e19
	- fabric-rendering-fluids-v1 3.1.6+1daea21519
	- fabric-rendering-v0 1.1.71+df3654b319
	- fabric-rendering-v1 5.0.5+df16efd019
	- fabric-resource-conditions-api-v1 4.3.0+8dc279b119
	- fabric-resource-loader-v0 1.3.1+5b5275af19
	- fabric-screen-api-v1 2.0.25+8b68f1c719
	- fabric-screen-handler-api-v1 1.3.87+b559734419
	- fabric-sound-api-v1 1.0.23+6573ed8c19
	- fabric-transfer-api-v1 5.4.2+95bead5f19
	- fabric-transitive-access-wideners-v1 6.1.0+1daea21519
	- fabricloader 0.16.9
	- java 21
	- minecraft 1.21.1
	- mixinextras 0.4.1
[18:33:05] [main/DEBUG] (FabricLoader/Knot) Adding E:\Users\Hamish\IdeaProjects\AutoPortalWaypoints\fabric\build\resources\main to classpath.
[18:33:05] [main/DEBUG] (FabricLoader/Knot) Adding E:\Users\Hamish\IdeaProjects\AutoPortalWaypoints\.gradle\loom-cache\remapped_mods\loom_mappings_1_21_1_layered_hash_288375958_v2\net\fabricmc\fabric-api\fabric-transitive-access-wideners-v1\6.1.0+1daea21519\fabric-transitive-access-wideners-v1-6.1.0+1daea21519.jar to classpath.
[18:33:05] [main/DEBUG] (FabricLoader/Knot) Adding E:\Users\Hamish\IdeaProjects\AutoPortalWaypoints\.gradle\loom-cache\remapped_mods\loom_mappings_1_21_1_layered_hash_288375958_v2\net\fabricmc\fabric-api\fabric-transfer-api-v1\5.4.2+95bead5f19\fabric-transfer-api-v1-5.4.2+95bead5f19.jar to classpath.
[18:33:05] [main/DEBUG] (FabricLoader/Knot) Adding E:\Users\Hamish\IdeaProjects\AutoPortalWaypoints\.gradle\loom-cache\remapped_mods\loom_mappings_1_21_1_layered_hash_288375958_v2\net\fabricmc\fabric-api\fabric-lifecycle-events-v1\2.5.0+01d9a51c19\fabric-lifecycle-events-v1-2.5.0+01d9a51c19.jar to classpath.
[18:33:05] [main/DEBUG] (FabricLoader/Knot) Adding C:\Users\Hamish\.gradle\caches\modules-2\files-2.1\io.github.llamalad7\mixinextras-fabric\0.4.1\8d1a9e96afb990367fa1f904d17580d164da72e3\mixinextras-fabric-0.4.1.jar to classpath.
[18:33:05] [main/DEBUG] (FabricLoader/Knot) Adding E:\Users\Hamish\IdeaProjects\AutoPortalWaypoints\.gradle\loom-cache\remapped_mods\loom_mappings_1_21_1_layered_hash_288375958_v2\net\fabricmc\fabric-api\fabric-message-api-v1\6.0.13+6573ed8c19\fabric-message-api-v1-6.0.13+6573ed8c19.jar to classpath.
[18:33:05] [main/DEBUG] (FabricLoader/Knot) Adding E:\Users\Hamish\IdeaProjects\AutoPortalWaypoints\.gradle\loom-cache\remapped_mods\loom_mappings_1_21_1_layered_hash_288375958_v2\net\fabricmc\fabric-api\fabric-sound-api-v1\1.0.23+6573ed8c19\fabric-sound-api-v1-1.0.23+6573ed8c19.jar to classpath.
[18:33:05] [main/DEBUG] (FabricLoader/Knot) Adding E:\Users\Hamish\IdeaProjects\AutoPortalWaypoints\.gradle\loom-cache\remapped_mods\loom_mappings_1_21_1_layered_hash_288375958_v2\net\fabricmc\fabric-api\fabric-game-rule-api-v1\1.0.53+6ced4dd919\fabric-game-rule-api-v1-1.0.53+6ced4dd919.jar to classpath.
[18:33:05] [main/DEBUG] (FabricLoader/Knot) Adding E:\Users\Hamish\IdeaProjects\AutoPortalWaypoints\.gradle\loom-cache\remapped_mods\loom_mappings_1_21_1_layered_hash_288375958_v2\net\fabricmc\fabric-api\fabric-item-group-api-v1\4.1.6+6823f7cd19\fabric-item-group-api-v1-4.1.6+6823f7cd19.jar to classpath.
[18:33:05] [main/DEBUG] (FabricLoader/Knot) Adding E:\Users\Hamish\IdeaProjects\AutoPortalWaypoints\.gradle\loom-cache\remapped_mods\loom_mappings_1_21_1_layered_hash_288375958_v2\net\fabricmc\fabric-api\fabric-convention-tags-v2\2.9.2+e60e56d419\fabric-convention-tags-v2-2.9.2+e60e56d419.jar to classpath.
[18:33:05] [main/DEBUG] (FabricLoader/Knot) Adding E:\Users\Hamish\IdeaProjects\AutoPortalWaypoints\.gradle\loom-cache\remapped_mods\loom_mappings_1_21_1_layered_hash_288375958_v2\net\fabricmc\fabric-api\fabric-renderer-api-v1\3.4.0+c705a49c19\fabric-renderer-api-v1-3.4.0+c705a49c19.jar to classpath.
[18:33:05] [main/DEBUG] (FabricLoader/Knot) Adding E:\Users\Hamish\IdeaProjects\AutoPortalWaypoints\.gradle\loom-cache\remapped_mods\loom_mappings_1_21_1_layered_hash_288375958_v2\net\fabricmc\fabric-api\fabric-block-view-api-v2\1.0.10+6573ed8c19\fabric-block-view-api-v2-1.0.10+6573ed8c19.jar to classpath.
[18:33:05] [main/DEBUG] (FabricLoader/Knot) Adding E:\Users\Hamish\IdeaProjects\AutoPortalWaypoints\.gradle\loom-cache\remapped_mods\loom_mappings_1_21_1_layered_hash_288375958_v2\net\fabricmc\fabric-api\fabric-rendering-fluids-v1\3.1.6+1daea21519\fabric-rendering-fluids-v1-3.1.6+1daea21519.jar to classpath.
[18:33:05] [main/DEBUG] (FabricLoader/Knot) Adding E:\Users\Hamish\IdeaProjects\AutoPortalWaypoints\.gradle\loom-cache\remapped_mods\loom_mappings_1_21_1_layered_hash_288375958_v2\net\fabricmc\fabric-api\fabric-command-api-v2\2.2.28+6ced4dd919\fabric-command-api-v2-2.2.28+6ced4dd919.jar to classpath.
[18:33:05] [main/DEBUG] (FabricLoader/Knot) Adding E:\Users\Hamish\IdeaProjects\AutoPortalWaypoints\.gradle\loom-cache\remapped_mods\loom_mappings_1_21_1_layered_hash_288375958_v2\net\fabricmc\fabric-api\fabric-client-tags-api-v1\1.1.15+6573ed8c19\fabric-client-tags-api-v1-1.1.15+6573ed8c19.jar to classpath.
[18:33:05] [main/DEBUG] (FabricLoader/Knot) Adding E:\Users\Hamish\IdeaProjects\AutoPortalWaypoints\.gradle\loom-cache\remapped_mods\loom_mappings_1_21_1_layered_hash_288375958_v2\net\fabricmc\fabric-api\fabric-object-builder-api-v1\15.2.1+40875a9319\fabric-object-builder-api-v1-15.2.1+40875a9319.jar to classpath.
[18:33:05] [main/DEBUG] (FabricLoader/Knot) Adding E:\Users\Hamish\IdeaProjects\AutoPortalWaypoints\.gradle\loom-cache\remapped_mods\loom_mappings_1_21_1_layered_hash_288375958_v2\net\fabricmc\fabric-api\fabric-loot-api-v2\3.0.15+3f89f5a519\fabric-loot-api-v2-3.0.15+3f89f5a519.jar to classpath.
[18:33:05] [main/DEBUG] (FabricLoader/Knot) Adding E:\Users\Hamish\IdeaProjects\AutoPortalWaypoints\.gradle\loom-cache\remapped_mods\loom_mappings_1_21_1_layered_hash_288375958_v2\net\fabricmc\fabric-api\fabric-command-api-v1\1.2.49+f71b366f19\fabric-command-api-v1-1.2.49+f71b366f19.jar to classpath.
[18:33:05] [main/DEBUG] (FabricLoader/Knot) Adding E:\Users\Hamish\IdeaProjects\AutoPortalWaypoints\.gradle\loom-cache\remapped_mods\loom_mappings_1_21_1_layered_hash_288375958_v2\net\fabricmc\fabric-api\fabric-crash-report-info-v1\0.2.29+0af3f5a719\fabric-crash-report-info-v1-0.2.29+0af3f5a719.jar to classpath.
[18:33:05] [main/DEBUG] (FabricLoader/Knot) Adding E:\Users\Hamish\IdeaProjects\AutoPortalWaypoints\.gradle\loom-cache\remapped_mods\loom_mappings_1_21_1_layered_hash_288375958_v2\net\fabricmc\fabric-api\fabric-entity-events-v1\1.7.0+2122d82819\fabric-entity-events-v1-1.7.0+2122d82819.jar to classpath.
[18:33:05] [main/DEBUG] (FabricLoader/Knot) Adding E:\Users\Hamish\IdeaProjects\AutoPortalWaypoints\.gradle\loom-cache\remapped_mods\loom_mappings_1_21_1_layered_hash_288375958_v2\net\fabricmc\fabric-api\fabric-recipe-api-v1\5.0.13+6508971219\fabric-recipe-api-v1-5.0.13+6508971219.jar to classpath.
[18:33:05] [main/DEBUG] (FabricLoader/Knot) Adding E:\Users\Hamish\IdeaProjects\AutoPortalWaypoints\.gradle\loom-cache\remapped_mods\loom_mappings_1_21_1_layered_hash_288375958_v2\net\fabricmc\fabric-api\fabric-screen-handler-api-v1\1.3.87+b559734419\fabric-screen-handler-api-v1-1.3.87+b559734419.jar to classpath.
[18:33:05] [main/DEBUG] (FabricLoader/Knot) Adding E:\Users\Hamish\IdeaProjects\AutoPortalWaypoints\.gradle\loom-cache\remapped_mods\loom_mappings_1_21_1_layered_hash_288375958_v2\net\fabricmc\fabric-api\fabric-keybindings-v0\0.2.45+df3654b319\fabric-keybindings-v0-0.2.45+df3654b319.jar to classpath.
[18:33:05] [main/DEBUG] (FabricLoader/Knot) Adding E:\Users\Hamish\IdeaProjects\AutoPortalWaypoints\.gradle\loom-cache\remapped_mods\loom_mappings_1_21_1_layered_hash_288375958_v2\net\fabricmc\fabric-api\fabric-resource-conditions-api-v1\4.3.0+8dc279b119\fabric-resource-conditions-api-v1-4.3.0+8dc279b119.jar to classpath.
[18:33:05] [main/DEBUG] (FabricLoader/Knot) Adding E:\Users\Hamish\IdeaProjects\AutoPortalWaypoints\.gradle\loom-cache\remapped_mods\loom_mappings_1_21_1_layered_hash_288375958_v2\net\fabricmc\fabric-api\fabric-screen-api-v1\2.0.25+8b68f1c719\fabric-screen-api-v1-2.0.25+8b68f1c719.jar to classpath.
[18:33:05] [main/DEBUG] (FabricLoader/Knot) Adding E:\Users\Hamish\IdeaProjects\AutoPortalWaypoints\.gradle\loom-cache\remapped_mods\loom_mappings_1_21_1_layered_hash_288375958_v2\net\fabricmc\fabric-api\fabric-item-api-v1\11.1.1+d5debaed19\fabric-item-api-v1-11.1.1+d5debaed19.jar to classpath.
[18:33:05] [main/DEBUG] (FabricLoader/Knot) Adding E:\Users\Hamish\IdeaProjects\AutoPortalWaypoints\.gradle\loom-cache\remapped_mods\loom_mappings_1_21_1_layered_hash_288375958_v2\net\fabricmc\fabric-api\fabric-model-loading-api-v1\2.0.0+fe474d6b19\fabric-model-loading-api-v1-2.0.0+fe474d6b19.jar to classpath.
[18:33:05] [main/DEBUG] (FabricLoader/Knot) Adding E:\Users\Hamish\IdeaProjects\AutoPortalWaypoints\.gradle\loom-cache\remapped_mods\loom_mappings_1_21_1_layered_hash_288375958_v2\net\fabricmc\fabric-api\fabric-data-generation-api-v1\20.2.23+16c4ae2519\fabric-data-generation-api-v1-20.2.23+16c4ae2519.jar to classpath.
[18:33:05] [main/DEBUG] (FabricLoader/Knot) Adding E:\Users\Hamish\IdeaProjects\AutoPortalWaypoints\.gradle\loom-cache\remapped_mods\loom_mappings_1_21_1_layered_hash_288375958_v2\net\fabricmc\fabric-api\fabric-api-lookup-api-v1\1.6.70+b559734419\fabric-api-lookup-api-v1-1.6.70+b559734419.jar to classpath.
[18:33:05] [main/DEBUG] (FabricLoader/Knot) Adding E:\Users\Hamish\IdeaProjects\AutoPortalWaypoints\.gradle\loom-cache\remapped_mods\loom_mappings_1_21_1_layered_hash_288375958_v2\net\fabricmc\fabric-api\fabric-biome-api-v1\13.0.30+be1ed2d719\fabric-biome-api-v1-13.0.30+be1ed2d719.jar to classpath.
[18:33:05] [main/DEBUG] (FabricLoader/Knot) Adding E:\Users\Hamish\IdeaProjects\AutoPortalWaypoints\.gradle\loom-cache\remapped_mods\loom_mappings_1_21_1_layered_hash_288375958_v2\net\fabricmc\fabric-api\fabric-loot-api-v3\1.0.3+3f89f5a519\fabric-loot-api-v3-1.0.3+3f89f5a519.jar to classpath.
[18:33:05] [main/DEBUG] (FabricLoader/Knot) Adding E:\Users\Hamish\IdeaProjects\AutoPortalWaypoints\.gradle\loom-cache\remapped_mods\loom_mappings_1_21_1_layered_hash_288375958_v2\net\fabricmc\fabric-api\fabric-api\0.109.0+1.21.1\fabric-api-0.109.0+1.21.1.jar to classpath.
[18:33:05] [main/DEBUG] (FabricLoader/Knot) Adding E:\Users\Hamish\IdeaProjects\AutoPortalWaypoints\.gradle\loom-cache\remapped_mods\loom_mappings_1_21_1_layered_hash_288375958_v2\net\fabricmc\fabric-api\fabric-convention-tags-v1\2.1.2+7f945d5b19\fabric-convention-tags-v1-2.1.2+7f945d5b19.jar to classpath.
[18:33:05] [main/DEBUG] (FabricLoader/Knot) Adding E:\Users\Hamish\IdeaProjects\AutoPortalWaypoints\.gradle\loom-cache\remapped_mods\loom_mappings_1_21_1_layered_hash_288375958_v2\net\fabricmc\fabric-api\fabric-content-registries-v0\8.0.18+b559734419\fabric-content-registries-v0-8.0.18+b559734419.jar to classpath.
[18:33:05] [main/DEBUG] (FabricLoader/Knot) Adding E:\Users\Hamish\IdeaProjects\AutoPortalWaypoints\.gradle\loom-cache\remapped_mods\loom_mappings_1_21_1_layered_hash_288375958_v2\net\fabricmc\fabric-api\fabric-data-attachment-api-v1\1.4.0+da19b51a19\fabric-data-attachment-api-v1-1.4.0+da19b51a19.jar to classpath.
[18:33:05] [main/DEBUG] (FabricLoader/Knot) Adding E:\Users\Hamish\IdeaProjects\AutoPortalWaypoints\.gradle\loom-cache\remapped_mods\loom_mappings_1_21_1_layered_hash_288375958_v2\net\fabricmc\fabric-api\fabric-rendering-v1\5.0.5+df16efd019\fabric-rendering-v1-5.0.5+df16efd019.jar to classpath.
[18:33:05] [main/DEBUG] (FabricLoader/Knot) Adding E:\Users\Hamish\IdeaProjects\AutoPortalWaypoints\.gradle\loom-cache\remapped_mods\loom_mappings_1_21_1_layered_hash_288375958_v2\net\fabricmc\fabric-api\fabric-api-base\0.4.42+6573ed8c19\fabric-api-base-0.4.42+6573ed8c19.jar to classpath.
[18:33:05] [main/DEBUG] (FabricLoader/Knot) Adding E:\Users\Hamish\IdeaProjects\AutoPortalWaypoints\.gradle\loom-cache\remapped_mods\loom_mappings_1_21_1_layered_hash_288375958_v2\net\fabricmc\fabric-api\fabric-events-interaction-v0\0.7.13+ba9dae0619\fabric-events-interaction-v0-0.7.13+ba9dae0619.jar to classpath.
[18:33:05] [main/DEBUG] (FabricLoader/Knot) Adding E:\Users\Hamish\IdeaProjects\AutoPortalWaypoints\.gradle\loom-cache\remapped_mods\loom_mappings_1_21_1_layered_hash_288375958_v2\net\fabricmc\fabric-api\fabric-particles-v1\4.0.2+6573ed8c19\fabric-particles-v1-4.0.2+6573ed8c19.jar to classpath.
[18:33:05] [main/DEBUG] (FabricLoader/Knot) Adding E:\Users\Hamish\IdeaProjects\AutoPortalWaypoints\.gradle\loom-cache\remapped_mods\loom_mappings_1_21_1_layered_hash_288375958_v2\net\fabricmc\fabric-api\fabric-renderer-registries-v1\3.2.68+df3654b319\fabric-renderer-registries-v1-3.2.68+df3654b319.jar to classpath.
[18:33:05] [main/DEBUG] (FabricLoader/Knot) Adding E:\Users\Hamish\IdeaProjects\AutoPortalWaypoints\.gradle\loom-cache\remapped_mods\loom_mappings_1_21_1_layered_hash_288375958_v2\net\fabricmc\fabric-api\fabric-registry-sync-v0\5.1.3+60c3209b19\fabric-registry-sync-v0-5.1.3+60c3209b19.jar to classpath.
[18:33:05] [main/DEBUG] (FabricLoader/Knot) Adding E:\Users\Hamish\IdeaProjects\AutoPortalWaypoints\.gradle\loom-cache\remapped_mods\loom_mappings_1_21_1_layered_hash_288375958_v2\net\fabricmc\fabric-api\fabric-dimensions-v1\4.0.0+6fc22b9919\fabric-dimensions-v1-4.0.0+6fc22b9919.jar to classpath.
[18:33:05] [main/DEBUG] (FabricLoader/Knot) Adding E:\Users\Hamish\IdeaProjects\AutoPortalWaypoints\.gradle\loom-cache\remapped_mods\loom_mappings_1_21_1_layered_hash_288375958_v2\net\fabricmc\fabric-api\fabric-gametest-api-v1\2.0.5+6fc22b9919\fabric-gametest-api-v1-2.0.5+6fc22b9919.jar to classpath.
[18:33:05] [main/DEBUG] (FabricLoader/Knot) Adding E:\Users\Hamish\IdeaProjects\AutoPortalWaypoints\.gradle\loom-cache\remapped_mods\loom_mappings_1_21_1_layered_hash_288375958_v2\net\fabricmc\fabric-api\fabric-block-api-v1\1.0.22+0af3f5a719\fabric-block-api-v1-1.0.22+0af3f5a719.jar to classpath.
[18:33:05] [main/DEBUG] (FabricLoader/Knot) Adding E:\Users\Hamish\IdeaProjects\AutoPortalWaypoints\.gradle\loom-cache\remapped_mods\loom_mappings_1_21_1_layered_hash_288375958_v2\net\fabricmc\fabric-api\fabric-key-binding-api-v1\1.0.47+0af3f5a719\fabric-key-binding-api-v1-1.0.47+0af3f5a719.jar to classpath.
[18:33:05] [main/DEBUG] (FabricLoader/Knot) Adding E:\Users\Hamish\IdeaProjects\AutoPortalWaypoints\.gradle\loom-cache\remapped_mods\loom_mappings_1_21_1_layered_hash_288375958_v2\net\fabricmc\fabric-api\fabric-renderer-indigo\1.7.0+c705a49c19\fabric-renderer-indigo-1.7.0+c705a49c19.jar to classpath.
[18:33:05] [main/DEBUG] (FabricLoader/Knot) Adding E:\Users\Hamish\IdeaProjects\AutoPortalWaypoints\.gradle\loom-cache\remapped_mods\loom_mappings_1_21_1_layered_hash_288375958_v2\net\fabricmc\fabric-api\fabric-resource-loader-v0\1.3.1+5b5275af19\fabric-resource-loader-v0-1.3.1+5b5275af19.jar to classpath.
[18:33:05] [main/DEBUG] (FabricLoader/Knot) Adding E:\Users\Hamish\IdeaProjects\AutoPortalWaypoints\.gradle\loom-cache\remapped_mods\loom_mappings_1_21_1_layered_hash_288375958_v2\net\fabricmc\fabric-api\fabric-rendering-v0\1.1.71+df3654b319\fabric-rendering-v0-1.1.71+df3654b319.jar to classpath.
[18:33:05] [main/DEBUG] (FabricLoader/Knot) Adding E:\Users\Hamish\IdeaProjects\AutoPortalWaypoints\.gradle\loom-cache\remapped_mods\loom_mappings_1_21_1_layered_hash_288375958_v2\net\fabricmc\fabric-api\fabric-networking-api-v1\4.3.0+c7469b2119\fabric-networking-api-v1-4.3.0+c7469b2119.jar to classpath.
[18:33:05] [main/DEBUG] (FabricLoader/Knot) Adding E:\Users\Hamish\IdeaProjects\AutoPortalWaypoints\.gradle\loom-cache\remapped_mods\loom_mappings_1_21_1_layered_hash_288375958_v2\net\fabricmc\fabric-api\fabric-commands-v0\0.2.66+df3654b319\fabric-commands-v0-0.2.66+df3654b319.jar to classpath.
[18:33:05] [main/DEBUG] (FabricLoader/Knot) Adding E:\Users\Hamish\IdeaProjects\AutoPortalWaypoints\.gradle\loom-cache\remapped_mods\loom_mappings_1_21_1_layered_hash_288375958_v2\net\fabricmc\fabric-api\fabric-rendering-data-attachment-v1\0.3.48+73761d2e19\fabric-rendering-data-attachment-v1-0.3.48+73761d2e19.jar to classpath.
[18:33:05] [main/DEBUG] (FabricLoader/Knot) Adding E:\Users\Hamish\IdeaProjects\AutoPortalWaypoints\.gradle\loom-cache\remapped_mods\loom_mappings_1_21_1_layered_hash_288375958_v2\net\fabricmc\fabric-api\fabric-blockrenderlayer-v1\1.1.52+0af3f5a719\fabric-blockrenderlayer-v1-1.1.52+0af3f5a719.jar to classpath.
[18:33:05] [main/DEBUG] (FabricLoader/Entrypoint) Registering new-style initializer com._101929ha.autoportalwaypoints.AutoPortalWaypointsFabricJMPlugin for mod autoportalwaypoints (key main)
[18:33:05] [main/DEBUG] (FabricLoader/Entrypoint) Registering new-style initializer net.fabricmc.fabric.impl.client.event.lifecycle.ClientLifecycleEventsImpl for mod fabric-lifecycle-events-v1 (key client)
[18:33:05] [main/DEBUG] (FabricLoader/Entrypoint) Registering new-style initializer net.fabricmc.fabric.impl.event.lifecycle.LifecycleEventsImpl for mod fabric-lifecycle-events-v1 (key main)
[18:33:05] [main/DEBUG] (FabricLoader/Entrypoint) Registering new-style initializer net.fabricmc.fabric.impl.tag.convention.v2.TranslationConventionLogWarnings for mod fabric-convention-tags-v2 (key main)
[18:33:05] [main/DEBUG] (FabricLoader/Entrypoint) Registering new-style initializer net.fabricmc.fabric.impl.loot.v2.LootInitializer for mod fabric-loot-api-v2 (key main)
[18:33:05] [main/DEBUG] (FabricLoader/Entrypoint) Registering new-style initializer net.fabricmc.fabric.impl.command.v1.LegacyHandler for mod fabric-command-api-v1 (key main)
[18:33:05] [main/DEBUG] (FabricLoader/Entrypoint) Registering new-style initializer net.fabricmc.fabric.impl.recipe.ingredient.client.CustomIngredientSyncClient for mod fabric-recipe-api-v1 (key client)
[18:33:05] [main/DEBUG] (FabricLoader/Entrypoint) Registering new-style initializer net.fabricmc.fabric.impl.recipe.ingredient.CustomIngredientInit for mod fabric-recipe-api-v1 (key main)
[18:33:05] [main/DEBUG] (FabricLoader/Entrypoint) Registering new-style initializer net.fabricmc.fabric.impl.recipe.ingredient.CustomIngredientSync for mod fabric-recipe-api-v1 (key main)
[18:33:05] [main/DEBUG] (FabricLoader/Entrypoint) Registering new-style initializer net.fabricmc.fabric.impl.screenhandler.client.ClientNetworking for mod fabric-screen-handler-api-v1 (key client)
[18:33:05] [main/DEBUG] (FabricLoader/Entrypoint) Registering new-style initializer net.fabricmc.fabric.impl.screenhandler.Networking for mod fabric-screen-handler-api-v1 (key main)
[18:33:05] [main/DEBUG] (FabricLoader/Entrypoint) Registering new-style initializer net.fabricmc.fabric.impl.resource.conditions.ResourceConditionsImpl for mod fabric-resource-conditions-api-v1 (key main)
[18:33:05] [main/DEBUG] (FabricLoader/Entrypoint) Registering new-style initializer net.fabricmc.fabric.impl.lookup.ApiLookupImpl for mod fabric-api-lookup-api-v1 (key main)
[18:33:05] [main/DEBUG] (FabricLoader/Entrypoint) Registering new-style initializer net.fabricmc.fabric.impl.tag.convention.ConventionLogWarnings for mod fabric-convention-tags-v1 (key main)
[18:33:05] [main/DEBUG] (FabricLoader/Entrypoint) Registering new-style initializer net.fabricmc.fabric.impl.attachment.client.AttachmentSyncClient for mod fabric-data-attachment-api-v1 (key client)
[18:33:05] [main/DEBUG] (FabricLoader/Entrypoint) Registering new-style initializer net.fabricmc.fabric.impl.attachment.AttachmentEntrypoint for mod fabric-data-attachment-api-v1 (key main)
[18:33:05] [main/DEBUG] (FabricLoader/Entrypoint) Registering new-style initializer net.fabricmc.fabric.impl.attachment.sync.AttachmentSync for mod fabric-data-attachment-api-v1 (key main)
[18:33:05] [main/DEBUG] (FabricLoader/Entrypoint) Registering new-style initializer net.fabricmc.fabric.impl.event.interaction.client.InteractionEventsRouterClient for mod fabric-events-interaction-v0 (key client)
[18:33:05] [main/DEBUG] (FabricLoader/Entrypoint) Registering new-style initializer net.fabricmc.fabric.impl.event.interaction.InteractionEventsRouter for mod fabric-events-interaction-v0 (key main)
[18:33:05] [main/DEBUG] (FabricLoader/Entrypoint) Registering new-style initializer net.fabricmc.fabric.impl.client.registry.sync.FabricRegistryClientInit for mod fabric-registry-sync-v0 (key client)
[18:33:05] [main/DEBUG] (FabricLoader/Entrypoint) Registering new-style initializer net.fabricmc.fabric.impl.registry.sync.FabricRegistryInit for mod fabric-registry-sync-v0 (key main)
[18:33:05] [main/DEBUG] (FabricLoader/Entrypoint) Registering new-style initializer net.fabricmc.fabric.impl.gametest.FabricGameTestModInitializer for mod fabric-gametest-api-v1 (key main)
[18:33:05] [main/DEBUG] (FabricLoader/Entrypoint) Registering new-style initializer net.fabricmc.fabric.impl.client.indigo.Indigo for mod fabric-renderer-indigo (key client)
[18:33:05] [main/DEBUG] (FabricLoader/Entrypoint) Registering new-style initializer net.fabricmc.fabric.impl.client.rendering.v0.RenderingCallbackInvoker for mod fabric-rendering-v0 (key client)
[18:33:05] [main/DEBUG] (FabricLoader/Entrypoint) Registering new-style initializer net.fabricmc.fabric.impl.networking.client.ClientNetworkingImpl::clientInit for mod fabric-networking-api-v1 (key client)
[18:33:05] [main/DEBUG] (FabricLoader/Entrypoint) Registering new-style initializer net.fabricmc.fabric.impl.networking.CommonPacketsImpl::init for mod fabric-networking-api-v1 (key main)
[18:33:05] [main/DEBUG] (FabricLoader/Entrypoint) Registering new-style initializer net.fabricmc.fabric.impl.networking.NetworkingImpl::init for mod fabric-networking-api-v1 (key main)
[18:33:05] [main/INFO] (FabricLoader/Mixin) SpongePowered MIXIN Subsystem Version=0.8.7 Source=file:/C:/Users/Hamish/.gradle/caches/modules-2/files-2.1/net.fabricmc/sponge-mixin/0.15.4+mixin.0.8.7/6a12aacc794f1078458433116e9ed42c1cc98096/sponge-mixin-0.15.4+mixin.0.8.7.jar Service=Knot/Fabric Env=CLIENT
[18:33:05] [main/DEBUG] (FabricLoader/Mixin) Initialising Mixin Platform Manager
[18:33:05] [main/DEBUG] (FabricLoader/Mixin) Adding mixin platform agents for container ContainerHandleURI(file:///C:/Users/Hamish/.gradle/caches/modules-2/files-2.1/net.fabricmc/fabric-loader/0.16.9/7eaa23079ac1569963e488054db124c7eb984f05/fabric-loader-0.16.9.jar)
[18:33:05] [main/DEBUG] (FabricLoader/Mixin) Instancing new MixinPlatformAgentDefault for ContainerHandleURI(file:///C:/Users/Hamish/.gradle/caches/modules-2/files-2.1/net.fabricmc/fabric-loader/0.16.9/7eaa23079ac1569963e488054db124c7eb984f05/fabric-loader-0.16.9.jar)
[18:33:05] [main/DEBUG] (FabricLoader/Mixin) MixinPlatformAgentDefault accepted container ContainerHandleURI(file:///C:/Users/Hamish/.gradle/caches/modules-2/files-2.1/net.fabricmc/fabric-loader/0.16.9/7eaa23079ac1569963e488054db124c7eb984f05/fabric-loader-0.16.9.jar)
[18:33:05] [main/DEBUG] (FabricLoader/Mixin) Instancing new MixinPlatformAgentDefault for ContainerHandleURI(file:///C:/Users/Hamish/.gradle/caches/modules-2/files-2.1/net.fabricmc/fabric-loader/0.16.9/7eaa23079ac1569963e488054db124c7eb984f05/fabric-loader-0.16.9.jar)
[18:33:05] [main/DEBUG] (FabricLoader/Mixin) MixinPlatformAgentDefault accepted container ContainerHandleURI(file:///C:/Users/Hamish/.gradle/caches/modules-2/files-2.1/net.fabricmc/fabric-loader/0.16.9/7eaa23079ac1569963e488054db124c7eb984f05/fabric-loader-0.16.9.jar)
[18:33:05] [main/DEBUG] (FabricLoader/Mixin) Processing prepare() for PlatformAgent[MixinPlatformAgentDefault:ContainerHandleURI(file:///C:/Users/Hamish/.gradle/caches/modules-2/files-2.1/net.fabricmc/fabric-loader/0.16.9/7eaa23079ac1569963e488054db124c7eb984f05/fabric-loader-0.16.9.jar)]
[18:33:05] [main/DEBUG] (FabricLoader/Mixin) Processing prepare() for PlatformAgent[MixinPlatformAgentDefault:ContainerHandleURI(file:///C:/Users/Hamish/.gradle/caches/modules-2/files-2.1/net.fabricmc/fabric-loader/0.16.9/7eaa23079ac1569963e488054db124c7eb984f05/fabric-loader-0.16.9.jar)]
[18:33:05] [main/INFO] (FabricLoader/Mixin) Loaded Fabric development mappings for mixin remapper!
[18:33:06] [main/DEBUG] (FabricLoader/Mixin) Compatibility level JAVA_18 specified by autoportalwaypoints.mixins.json is higher than the maximum level supported by this version of mixin (JAVA_13).
[18:33:06] [main/INFO] (FabricLoader/Mixin) Compatibility level set to JAVA_18
[18:33:06] [main/ERROR] (FabricLoader) Uncaught exception in thread "main"
java.lang.RuntimeException: Error parsing or using Mixin config autoportalwaypoints.fabric.mixins.json for mod autoportalwaypoints
	at net.fabricmc.loader.impl.launch.FabricMixinBootstrap.init(FabricMixinBootstrap.java:96) ~[fabric-loader-0.16.9.jar:?]
	at net.fabricmc.loader.impl.launch.knot.Knot.init(Knot.java:151) ~[fabric-loader-0.16.9.jar:?]
	at net.fabricmc.loader.impl.launch.knot.Knot.launch(Knot.java:68) ~[fabric-loader-0.16.9.jar:?]
	at net.fabricmc.loader.impl.launch.knot.KnotClient.main(KnotClient.java:23) ~[fabric-loader-0.16.9.jar:?]
	at net.fabricmc.devlaunchinjector.Main.main(Main.java:86) ~[?:?]
Caused by: org.spongepowered.asm.launch.MixinInitialisationError: Error initialising mixin config autoportalwaypoints.fabric.mixins.json
	at org.spongepowered.asm.mixin.transformer.Config.create(Config.java:168) ~[sponge-mixin-0.15.4+mixin.0.8.7.jar:0.15.4+mixin.0.8.7]
	at org.spongepowered.asm.mixin.Mixins.createConfiguration(Mixins.java:121) ~[sponge-mixin-0.15.4+mixin.0.8.7.jar:0.15.4+mixin.0.8.7]
	at org.spongepowered.asm.mixin.Mixins.addConfiguration(Mixins.java:108) ~[sponge-mixin-0.15.4+mixin.0.8.7.jar:0.15.4+mixin.0.8.7]
	at org.spongepowered.asm.mixin.Mixins.addConfiguration(Mixins.java:98) ~[sponge-mixin-0.15.4+mixin.0.8.7.jar:0.15.4+mixin.0.8.7]
	at net.fabricmc.loader.impl.launch.FabricMixinBootstrap.init(FabricMixinBootstrap.java:94) ~[fabric-loader-0.16.9.jar:?]
	... 4 more
Caused by: java.lang.IllegalArgumentException: The specified resource 'autoportalwaypoints.fabric.mixins.json' was invalid or could not be read
	at org.spongepowered.asm.mixin.transformer.MixinConfig.create(MixinConfig.java:1395) ~[sponge-mixin-0.15.4+mixin.0.8.7.jar:0.15.4+mixin.0.8.7]
	at org.spongepowered.asm.mixin.transformer.Config.create(Config.java:163) ~[sponge-mixin-0.15.4+mixin.0.8.7.jar:0.15.4+mixin.0.8.7]
	at org.spongepowered.asm.mixin.Mixins.createConfiguration(Mixins.java:121) ~[sponge-mixin-0.15.4+mixin.0.8.7.jar:0.15.4+mixin.0.8.7]
	at org.spongepowered.asm.mixin.Mixins.addConfiguration(Mixins.java:108) ~[sponge-mixin-0.15.4+mixin.0.8.7.jar:0.15.4+mixin.0.8.7]
	at org.spongepowered.asm.mixin.Mixins.addConfiguration(Mixins.java:98) ~[sponge-mixin-0.15.4+mixin.0.8.7.jar:0.15.4+mixin.0.8.7]
	at net.fabricmc.loader.impl.launch.FabricMixinBootstrap.init(FabricMixinBootstrap.java:94) ~[fabric-loader-0.16.9.jar:?]
	... 4 more
