[17:00:44] [Render thread/INFO] [JMLogger] JourneyMap log initialized.
[17:00:44] [Render thread/INFO] [JourneymapClient] initialize ENTER
[17:00:44] [Render thread/INFO] [ClientAPI] [ClientAPI] built with JourneyMap API 2.0.0-SNAPSHOT
[17:00:44] [Render thread/ERROR] [PluginHelper] Failed to initialize IJourneyMapPlugin: com._101929ha.autoportalwaypoints.AutoPortalWaypointsNeoforge for Mod: autoportalwaypoints
java.lang.IllegalStateException: Cannot get config value before config is loaded.
	at MC-BOOTSTRAP/com.google.common@32.1.2-jre/com.google.common.base.Preconditions.checkState(Preconditions.java:512) ~[guava-32.1.2-jre.jar%23106!/:?]
	at TRANSFORMER/neoforge@21.1.80/net.neoforged.neoforge.common.ModConfigSpec$ConfigValue.getRaw(ModConfigSpec.java:1235) ~[neoforge-21.1.80-minecraft.jar%23184!/:?]
	at TRANSFORMER/neoforge@21.1.80/net.neoforged.neoforge.common.ModConfigSpec$ConfigValue.get(ModConfigSpec.java:1222) ~[neoforge-21.1.80-minecraft.jar%23184!/:?]
	at TRANSFORMER/autoportalwaypoints@1.0.2/com._101929ha.autoportalwaypoints.AutoPortalWaypointsNeoforge.initialize(AutoPortalWaypoints.java:191) ~[%23185!/:?]
	at TRANSFORMER/autoportalwaypoints@1.0.2/com._101929ha.autoportalwaypoints.AutoPortalWaypointsNeoforge.initialize(AutoPortalWaypoints.java:35) ~[%23185!/:?]
	at TRANSFORMER/journeymap@1.21.1-6.0.0-beta.78/journeymap.api.common.PluginHelper.initPlugins(PluginHelper.java:136) ~[journeymap-32274-8156290.jar%23187!/:1.21.1-6.0.0-beta.78]
	at TRANSFORMER/journeymap@1.21.1-6.0.0-beta.78/journeymap.client.JourneymapClient.init(JourneymapClient.java:139) ~[journeymap-32274-8156290.jar%23187!/:1.21.1-6.0.0-beta.78]
	at TRANSFORMER/journeymap@1.21.1-6.0.0-beta.78/journeymap.client.JourneymapClientNeoForge.lambda$clientSetupEvent$0(JourneymapClientNeoForge.java:60) ~[journeymap-32274-8156290.jar%23187!/:1.21.1-6.0.0-beta.78]
	at java.base/java.util.concurrent.CompletableFuture$AsyncRun.run(CompletableFuture.java:1804) ~[?:?]
	at MC-BOOTSTRAP/fml_loader@4.0.31/net.neoforged.fml.DeferredWorkQueue.lambda$makeRunnable$2(DeferredWorkQueue.java:67) ~[loader-4.0.31.jar%23139!/:4.0]
	at MC-BOOTSTRAP/fml_loader@4.0.31/net.neoforged.fml.DeferredWorkQueue.makeRunnable(DeferredWorkQueue.java:62) ~[loader-4.0.31.jar%23139!/:4.0]
	at MC-BOOTSTRAP/fml_loader@4.0.31/net.neoforged.fml.DeferredWorkQueue.lambda$runTasks$0(DeferredWorkQueue.java:47) ~[loader-4.0.31.jar%23139!/:4.0]
	at java.base/java.util.concurrent.ConcurrentLinkedDeque.forEach(ConcurrentLinkedDeque.java:1650) ~[?:?]
	at MC-BOOTSTRAP/fml_loader@4.0.31/net.neoforged.fml.DeferredWorkQueue.runTasks(DeferredWorkQueue.java:47) ~[loader-4.0.31.jar%23139!/:4.0]
	at java.base/java.util.concurrent.CompletableFuture$AsyncRun.run(CompletableFuture.java:1804) ~[?:?]
	at TRANSFORMER/minecraft@1.21.1/net.minecraft.server.packs.resources.SimpleReloadInstance.lambda$new$3(SimpleReloadInstance.java:86) ~[neoforge-21.1.80-minecraft.jar%23183!/:?]
	at TRANSFORMER/minecraft@1.21.1/net.minecraft.util.thread.BlockableEventLoop.doRunTask(BlockableEventLoop.java:151) ~[neoforge-21.1.80-minecraft.jar%23183!/:?]
	at TRANSFORMER/minecraft@1.21.1/net.minecraft.util.thread.ReentrantBlockableEventLoop.doRunTask(ReentrantBlockableEventLoop.java:24) ~[neoforge-21.1.80-minecraft.jar%23183!/:?]
	at TRANSFORMER/minecraft@1.21.1/net.minecraft.util.thread.BlockableEventLoop.pollTask(BlockableEventLoop.java:122) ~[neoforge-21.1.80-minecraft.jar%23183!/:?]
	at TRANSFORMER/minecraft@1.21.1/net.minecraft.util.thread.BlockableEventLoop.runAllTasks(BlockableEventLoop.java:111) ~[neoforge-21.1.80-minecraft.jar%23183!/:?]
	at TRANSFORMER/minecraft@1.21.1/net.minecraft.client.Minecraft.runTick(Minecraft.java:1161) ~[neoforge-21.1.80-minecraft.jar%23183!/:?]
	at TRANSFORMER/minecraft@1.21.1/net.minecraft.client.Minecraft.run(Minecraft.java:813) ~[neoforge-21.1.80-minecraft.jar%23183!/:?]
	at TRANSFORMER/minecraft@1.21.1/net.minecraft.client.main.Main.main(Main.java:230) ~[neoforge-21.1.80-minecraft.jar%23183!/:?]
	at java.base/jdk.internal.reflect.DirectMethodHandleAccessor.invoke(DirectMethodHandleAccessor.java:103) ~[?:?]
	at java.base/java.lang.reflect.Method.invoke(Method.java:580) ~[?:?]
	at MC-BOOTSTRAP/fml_loader@4.0.31/net.neoforged.fml.loading.targets.CommonLaunchHandler.runTarget(CommonLaunchHandler.java:136) ~[loader-4.0.31.jar%23139!/:4.0]
	at MC-BOOTSTRAP/fml_loader@4.0.31/net.neoforged.fml.loading.targets.CommonLaunchHandler.clientService(CommonLaunchHandler.java:124) ~[loader-4.0.31.jar%23139!/:4.0]
	at MC-BOOTSTRAP/fml_loader@4.0.31/net.neoforged.fml.loading.targets.NeoForgeClientUserdevLaunchHandler.runService(NeoForgeClientUserdevLaunchHandler.java:23) ~[loader-4.0.31.jar%23139!/:4.0]
	at MC-BOOTSTRAP/fml_loader@4.0.31/net.neoforged.fml.loading.targets.CommonLaunchHandler.lambda$launchService$4(CommonLaunchHandler.java:118) ~[loader-4.0.31.jar%23139!/:4.0]
	at MC-BOOTSTRAP/cpw.mods.modlauncher@11.0.4/cpw.mods.modlauncher.LaunchServiceHandlerDecorator.launch(LaunchServiceHandlerDecorator.java:30) [modlauncher-11.0.4.jar%23121!/:?]
	at MC-BOOTSTRAP/cpw.mods.modlauncher@11.0.4/cpw.mods.modlauncher.LaunchServiceHandler.launch(LaunchServiceHandler.java:53) [modlauncher-11.0.4.jar%23121!/:?]
	at MC-BOOTSTRAP/cpw.mods.modlauncher@11.0.4/cpw.mods.modlauncher.LaunchServiceHandler.launch(LaunchServiceHandler.java:71) [modlauncher-11.0.4.jar%23121!/:?]
	at MC-BOOTSTRAP/cpw.mods.modlauncher@11.0.4/cpw.mods.modlauncher.Launcher.run(Launcher.java:103) [modlauncher-11.0.4.jar%23121!/:?]
	at MC-BOOTSTRAP/cpw.mods.modlauncher@11.0.4/cpw.mods.modlauncher.Launcher.main(Launcher.java:74) [modlauncher-11.0.4.jar%23121!/:?]
	at MC-BOOTSTRAP/cpw.mods.modlauncher@11.0.4/cpw.mods.modlauncher.BootstrapLaunchConsumer.accept(BootstrapLaunchConsumer.java:26) [modlauncher-11.0.4.jar%23121!/:?]
	at MC-BOOTSTRAP/cpw.mods.modlauncher@11.0.4/cpw.mods.modlauncher.BootstrapLaunchConsumer.accept(BootstrapLaunchConsumer.java:23) [modlauncher-11.0.4.jar%23121!/:?]
	at cpw.mods.bootstraplauncher@2.0.2/cpw.mods.bootstraplauncher.BootstrapLauncher.run(BootstrapLauncher.java:210) [bootstraplauncher-2.0.2.jar:?]
	at cpw.mods.bootstraplauncher@2.0.2/cpw.mods.bootstraplauncher.BootstrapLauncher.main(BootstrapLauncher.java:69) [bootstraplauncher-2.0.2.jar:?]
	at java.base/jdk.internal.reflect.DirectMethodHandleAccessor.invoke(DirectMethodHandleAccessor.java:103) ~[?:?]
	at java.base/java.lang.reflect.Method.invoke(Method.java:580) ~[?:?]
	at net.neoforged.devlaunch.Main.main(Main.java:55) [DevLaunch-1.0.1.jar:?]
[17:00:44] [Render thread/WARN] [PropertiesBase] core (Initialized) Bad configField entry during updateFrom(): optionsManagerViewed=null
[17:00:44] [Render thread/WARN] [PropertiesBase] core (Initialized) Bad configField entry during updateFrom(): splashViewed=null
[17:00:44] [Render thread/INFO] [?] Version: JourneyMap 1.21.1-6.0.0-beta.78, built with neoforge 0.116.7+1.21.1
neoforge: 21.1.80
Environment: os.name, os.arch, java.version, user.country, user.language=null, game language=en_us, locale=en_us
Features: 
	RadarPlayers : singleplayer = true , multiplayer = true
	RadarAnimals : singleplayer = true , multiplayer = true
	RadarMobs : singleplayer = true , multiplayer = true
	RadarVillagers : singleplayer = true , multiplayer = true
	MapTopo : singleplayer = true , multiplayer = true
	MapSurface : singleplayer = true , multiplayer = true
	MapCaves : singleplayer = true , multiplayer = true
	MapBiome : singleplayer = true , multiplayer = true
MiniMapProperties{state=Valid, file=journeymap.minimap.config, configVersion=6.0.0-beta.78, infoSlotTimeFormat=HH:mm:ss, zoomLevel=512, compassFontScale=1.0, infoSlotFontScale=1.0, terrainAlpha=100, showEntityNames=false, showPassiveNames=false, positionX=0.9, positionY=0.25, effectVertical=false, showPlayerHeading=true, sizePercent=30, playerDisplayScale=1.0, showDayNight=true, showPets=true, showPlayerNames=true, preferredMapType=day, showCompass=true, showNpcNames=false, mobDisplay=jm.common.entity_display.dots_and_outlined_icons, showHostileNames=false, systemTimeRealFormat=HH:mm:ss, shape=jm.minimap.shape_circle, showSelf=true, showVillagerNames=false, selfDisplayScale=1.0, showGrid=true, reticleOrientation=jm.minimap.orientation.compass, minimapLockedMapType=jm.common.map_type.auto, effectTranslateX=0, info3LabelPosition=jm.minimap.info_slot.bottom, showWaypoints=true, info2LabelPosition=jm.minimap.info_slot.top, minimapKeyMovementSpeed=0.001, info1LabelPosition=jm.minimap.info_slot.top, showAnimals=true, infoSlotAlpha=0.7, effectTranslateY=0, showWaypointLabels=true, showAmbientNames=false, moveEffectIcons=true, showTeamNames=true, position=jm.minimap.position_topright, fontScale=1.0, info4LabelPosition=jm.minimap.info_slot.bottom, showPlayers=true, waypointIconScale=1.0, frameAlpha=100, effectReversed=false, backgroundAlpha=0.8, enabled=true, showVillagers=true, info2Label=jm.theme.labelsource.gametime, hudRenderLayer=jm.minimap.hud_render_layer_last, info3Label=jm.theme.labelsource.location, caveLayer=4, showMobs=true, waypointLabelScale=1.0, showReticle=true, orientation=jm.minimap.orientation.north, info4Label=jm.theme.labelsource.biome, locationFormat=xzyv, playerDisplay=jm.common.entity_display.outlined_icons, mobDisplayScale=1.0, showOffScreenPlayers=true, showCaves=true, hideEffectIcons=false, showMobHeading=true, locationFormatVerbose=true, showAmbientCreatures=false, showPetNames=false, info1Label=jm.theme.labelsource.blank, showNoIconNames=true}
MiniMapProperties{state=Valid, file=journeymap.minimap2.config, configVersion=6.0.0-beta.78, infoSlotTimeFormat=HH:mm:ss, zoomLevel=512, compassFontScale=1.0, infoSlotFontScale=1.0, terrainAlpha=100, showEntityNames=false, showPassiveNames=false, positionX=0.9, positionY=0.25, effectVertical=false, showPlayerHeading=true, sizePercent=30, playerDisplayScale=1.0, showDayNight=true, showPets=true, showPlayerNames=true, preferredMapType=day, showCompass=true, showNpcNames=false, mobDisplay=jm.common.entity_display.dots_and_outlined_icons, showHostileNames=false, systemTimeRealFormat=HH:mm:ss, shape=jm.minimap.shape_rectangle, showSelf=true, showVillagerNames=false, selfDisplayScale=1.0, showGrid=true, reticleOrientation=jm.minimap.orientation.compass, minimapLockedMapType=jm.common.map_type.auto, effectTranslateX=0, info3LabelPosition=jm.minimap.info_slot.bottom, showWaypoints=true, info2LabelPosition=jm.minimap.info_slot.top, minimapKeyMovementSpeed=0.001, info1LabelPosition=jm.minimap.info_slot.top, showAnimals=true, infoSlotAlpha=0.7, effectTranslateY=0, showWaypointLabels=true, showAmbientNames=false, moveEffectIcons=true, showTeamNames=true, position=jm.minimap.position_topright, fontScale=1.0, info4LabelPosition=jm.minimap.info_slot.bottom, showPlayers=true, waypointIconScale=1.0, frameAlpha=100, effectReversed=false, backgroundAlpha=0.8, enabled=true, showVillagers=true, info2Label=jm.theme.labelsource.gametime, hudRenderLayer=jm.minimap.hud_render_layer_last, info3Label=jm.theme.labelsource.location, caveLayer=4, showMobs=true, waypointLabelScale=1.0, showReticle=true, orientation=jm.minimap.orientation.north, info4Label=jm.theme.labelsource.biome, locationFormat=xzyv, playerDisplay=jm.common.entity_display.outlined_icons, mobDisplayScale=1.0, showOffScreenPlayers=true, showCaves=true, hideEffectIcons=false, showMobHeading=true, locationFormatVerbose=true, showAmbientCreatures=false, showPetNames=false, info1Label=jm.theme.labelsource.blank, showNoIconNames=true}
FullMapProperties{state=Valid, file=journeymap.fullmap.config, configVersion=6.0.0-beta.78, zoomLevel=512, minimalMode=false, showPlayers=true, waypointIconScale=1.0, showEntityNames=false, showPassiveNames=false, showPlayerHeading=true, showVillagers=true, showPlayerLoc=true, showKeys=true, playerDisplayScale=1.0, showMobs=true, showPets=true, waypointLabelScale=1.0, showPlayerNames=true, preferredMapType=day, showNpcNames=false, mobDisplay=jm.common.entity_display.dots_and_outlined_icons, showHostileNames=false, pauseGame=false, showSelf=true, locationFormat=xzyv, playerDisplay=jm.common.entity_display.outlined_icons, showVillagerNames=false, mobDisplayScale=1.0, selfDisplayScale=1.0, showOffScreenPlayers=true, showGrid=true, showMouseLoc=true, showWaypoints=true, showCaves=true, showThemeButton=true, showAnimals=true, showMobHeading=true, showWaypointLabels=true, locationFormatVerbose=true, showAmbientNames=false, showAmbientCreatures=false, showTeamNames=true, showPetNames=false, fontScale=1.0, showNoIconNames=true}
WaypointProperties{state=Valid, file=journeymap.waypoint.config, configVersion=6.0.0-beta.78, autoRemoveDeathpointDistance=2, showPlayers=false, dateFormat=MM-dd-yyyy, autoHideIconAngle=5, autoRemoveDeathpoints=false, autoHideIcon=false, autoHideLabelAngle=5, renderWaypointsWorld=true, showLabelBackground=true, showDeleteConfirmation=true, managerDimensionFocus=false, fullscreenDoubleClickToCreate=true, minDistance=4, coordinatesFormat=XZY, boldLabel=false, disableShare=false, showDeathpointlabel=true, autoHideLabelVertical=true, textureSmall=true, useActionsButton=false, beaconEnabled=true, createDeathpoints=true, disableStrikeThrough=false, renderWaypointsMap=true, showName=true, autoHideLabelVerticalAngle=10, maxDistance=0, ignoreRenderDistance=false, autoHideLabel=true, autoRemoveTempWaypoints=2, teleportCommand=/execute in {dim} run tp {name} {x} {y} {z}, showStaticBeam=true, renderWaypoints=true, wholeNumberTeleportCoords=false, timeFormat=HH:mm:ss, shaderBeacon=false, showDistance=true, showRotatingBeam=true, fontScale=2.0, managerEnabled=true}
WebMapProperties{state=Valid, file=journeymap.webmap.config, configVersion=6.0.0-beta.78, port=8080, enabled=false}
CoreProperties{state=Valid, file=journeymap.core.config, configVersion=6.0.0-beta.78, maxPlayersData=32, mapSurfaceAboveCaves=true, dataCachingEnabled=true, maxAmbientCreaturesData=32, optionsManagerViewed=null, announceMod=true, ignoreSnow=false, colorPassive=#bbbbbb, colorPassiveLabel=#bbbbbb, mapShadows=true, mapBlendWater=true, playerIconFade=true, renderDistanceSurfaceMax=0, seedId=false, colorPetLabel=#0077ff, radarVerticalDistance=16, mapBlendGrass=true, recordCacheStats=false, hideSneakingEntities=true, initialSortOrder=Name, colorPlayerLabel=#ffffff, revealShape=jm.minimap.shape_circle, mapBiome=true, minimapPresetOverlay=true, caveShader=jm.common.map_filter.default, colorVillagerLabel=#88e188, alwaysMapSurface=false, biomeShader=jm.common.map_filter.default, colorVillager=#88e188, mapPlants=false, colorPet=#0077ff, sortDescending=true, radarLateralDistance=64, mapBathymetry=false, mapCrops=true, maxMobsData=32, dayShader=jm.common.map_filter.default, mapPlantShadows=false, alwaysMapCaves=false, checkUpdates=true, colorHostileLabel=#ff0000, mapBlendFoliage=true, netherSurfaceLighting=true, topoMax=0, hideSpectators=false, mappingEnabled=true, colorPlayer=#ffffff, cacheVillagersData=2200, logLevel=INFO, maxVillagersData=32, mapWaterBiomeColors=true, maxAnimalsData=32, mapTransparency=true, caveBlackAsClear=false, caveModeThreshold=2, legacyIcons=false, netherShader=jm.common.map_filter.default, caveIgnoreGlass=true, mapTopography=true, renderDistanceCaveMax=0, mapAntialiasing=true, colorSelf=#0000ff, cachePlayersData=2000, mapOnlyPlayerChunk=false, nightShader=jm.common.map_filter.default, cacheMobsData=3000, cachePlayerData=1000, splashViewed=null, colorHostile=#ff0000, topoShader=jm.common.map_filter.default, allowMiniMapBehindScreens=true, cacheAnimalsData=3100, ignoreHeightmaps=false, lodsEnabled=true, themeName=Purist, mapCaveLighting=true, renderDelay=500, mobIconFade=true, serverIp=false, glErrorChecking=false, autoMapPoll=2000}
[17:00:44] [Render thread/INFO] [JourneymapClient] initialize EXIT, elapsed count 1 avg 123.03ms
[17:00:45] [Render thread/INFO] [JourneymapClientNeoForge] Journeymap PostInit
[17:00:45] [Render thread/INFO] [NeoForgeHooks] ModFileLocation:file:/C:/Users/Hamish/.gradle/caches/modules-2/files-2.1/curse.maven/journeymap-32274/8156290/cd05367622aa491a7a9ab0b439763abda3c9b982/journeymap-32274-8156290.jar
[17:00:45] [Render thread/INFO] [NeoForgeHooks] ModFileLocation:file:/C:/Users/Hamish/.gradle/caches/modules-2/files-2.1/curse.maven/journeymap-32274/8156290/cd05367622aa491a7a9ab0b439763abda3c9b982/journeymap-32274-8156290.jar
[17:00:45] [Render thread/INFO] [NeoForgeHooks] ModFileLocation:file:/C:/Users/Hamish/.gradle/caches/modules-2/files-2.1/curse.maven/journeymap-32274/8156290/cd05367622aa491a7a9ab0b439763abda3c9b982/journeymap-32274-8156290.jar
[17:00:45] [Render thread/INFO] [NeoForgeHooks] ModFileLocation:file:/C:/Users/Hamish/.gradle/caches/modules-2/files-2.1/curse.maven/journeymap-32274/8156290/cd05367622aa491a7a9ab0b439763abda3c9b982/journeymap-32274-8156290.jar
[17:00:45] [Render thread/INFO] [ThemeLoader] Preloaded theme textures: 73
[17:00:45] [Render thread/INFO] [JourneymapClient] postInitialize EXIT, elapsed count 1 avg 423.51ms
[17:00:46] [Render thread/INFO] [ColorPalette] Color palette file generated for 0 blockstates in 6ms for: Default Palette
[17:01:23] [Render thread/INFO] [PlayerConnectHandler] onDisconnect: world is null
[17:01:23] [Server thread/INFO] [NeoForgeConfig] Loading JourneyMap Forge Configs
[17:01:24] [Server thread/INFO] [PluginHelper] Found @JourneyMapPlugin: journeymap.api.plugins.LoadedChunkOverlayPlugin
[17:01:24] [Server thread/INFO] [PluginHelper] Initialized IJourneyMapPlugin as:journeymap.api.plugins.LoadedChunkOverlayPlugin: for:journeymap_chunk_overlay
[17:01:26] [Render thread/INFO] [InternalStateHandler] Connection initiated with Journeymap Server: true
[17:01:26] [Render thread/INFO] [InternalStateHandler] Teleport Enabled: false
[17:01:26] [Render thread/INFO] [InternalStateHandler] Expanded Radar Enabled: true
[17:01:26] [Render thread/INFO] [InternalStateHandler] Server Admin Enabled: false
[17:01:26] [Render thread/INFO] [InternalStateHandler] Server set show in-game beacons: true
[17:01:26] [Render thread/INFO] [InternalStateHandler] Server set waypoints allowed: true
[17:01:26] [Render thread/INFO] [InternalStateHandler] Server set Server Admin read only mode: true
[17:01:26] [Render thread/INFO] [InternalStateHandler] Server set maxSurfaceRenderDistance to: 0
[17:01:26] [Render thread/INFO] [InternalStateHandler] Server setmaxCaveRenderDistance to: 0
[17:01:26] [Render thread/INFO] [InternalStateHandler] Server set allow mutliplayer options: true
[17:01:26] [Render thread/INFO] [InternalStateHandler] Server set waypointTeleportOnly: false
[17:01:26] [Render thread/INFO] [InternalStateHandler] Server set globalWaypointsOnly: false
[17:01:26] [Render thread/INFO] [InternalStateHandler] Server set allow radarLateralDistance options: 512
[17:01:26] [Render thread/INFO] [InternalStateHandler] Server set allow radarVerticalDistance options: 320
[17:01:26] [Render thread/INFO] [InternalStateHandler] Server set allow maxAnimalsData options: 128
[17:01:26] [Render thread/INFO] [InternalStateHandler] Server set allow maxAmbientCreaturesData options: 128
[17:01:26] [Render thread/INFO] [InternalStateHandler] Server set allow maxMobsData options: 128
[17:01:26] [Render thread/INFO] [InternalStateHandler] Server set allow maxPlayersData options: 128
[17:01:26] [Render thread/INFO] [InternalStateHandler] Server set allow maxVillagersData options: 128
[17:01:26] [Render thread/INFO] [InternalStateHandler] Server set allow playerRadarNamesEnabled options: true
[17:01:26] [Render thread/INFO] [InternalStateHandler] Server set allow minimapEnabled options: true
[17:01:26] [Render thread/INFO] [InternalStateHandler] Server set allow hideCoordinates options: false
[17:01:26] [Render thread/INFO] [InternalStateHandler] Connection initiated with Journeymap Server: true
[17:01:26] [Render thread/INFO] [InternalStateHandler] Teleport Enabled: false
[17:01:26] [Render thread/INFO] [InternalStateHandler] Expanded Radar Enabled: true
[17:01:26] [Render thread/INFO] [InternalStateHandler] Server Admin Enabled: false
[17:01:26] [Render thread/INFO] [InternalStateHandler] Server set show in-game beacons: true
[17:01:26] [Render thread/INFO] [InternalStateHandler] Server set waypoints allowed: true
[17:01:26] [Render thread/INFO] [InternalStateHandler] Server set Server Admin read only mode: true
[17:01:26] [Render thread/INFO] [InternalStateHandler] Server set maxSurfaceRenderDistance to: 0
[17:01:26] [Render thread/INFO] [InternalStateHandler] Server setmaxCaveRenderDistance to: 0
[17:01:26] [Render thread/INFO] [InternalStateHandler] Server set allow mutliplayer options: true
[17:01:26] [Render thread/INFO] [InternalStateHandler] Server set waypointTeleportOnly: false
[17:01:26] [Render thread/INFO] [InternalStateHandler] Server set globalWaypointsOnly: false
[17:01:26] [Render thread/INFO] [InternalStateHandler] Server set allow radarLateralDistance options: 512
[17:01:26] [Render thread/INFO] [InternalStateHandler] Server set allow radarVerticalDistance options: 320
[17:01:26] [Render thread/INFO] [InternalStateHandler] Server set allow maxAnimalsData options: 128
[17:01:26] [Render thread/INFO] [InternalStateHandler] Server set allow maxAmbientCreaturesData options: 128
[17:01:26] [Render thread/INFO] [InternalStateHandler] Server set allow maxMobsData options: 128
[17:01:26] [Render thread/INFO] [InternalStateHandler] Server set allow maxPlayersData options: 128
[17:01:26] [Render thread/INFO] [InternalStateHandler] Server set allow maxVillagersData options: 128
[17:01:26] [Render thread/INFO] [InternalStateHandler] Server set allow playerRadarNamesEnabled options: true
[17:01:26] [Render thread/INFO] [InternalStateHandler] Server set allow minimapEnabled options: true
[17:01:26] [Render thread/INFO] [InternalStateHandler] Server set allow hideCoordinates options: false
[17:01:27] [Render thread/WARN] [PropertiesBase] core (Initialized) Bad configField entry during updateFrom(): optionsManagerViewed=null
[17:01:27] [Render thread/WARN] [PropertiesBase] core (Initialized) Bad configField entry during updateFrom(): splashViewed=null
[17:01:27] [Render thread/INFO] [WaypointGroupStore] Loaded 0 waypoint groups from disk.
[17:01:27] [Render thread/INFO] [WaypointHandler] WaypointBackend selected: Server (was=null, shouldBeRemote=true, isJMServer=true, serverManagedWP=true, isServerManagedWaypointConnection=true, hasSingleplayerServer=true)
[17:01:27] [Render thread/INFO] [LegacyWaypointFileMigrator] 0 Legacy waypoints found that need to be migrated and backed up.
[17:01:27] [Render thread/INFO] [ColorPalette] Color palette file generated for 0 blockstates in 1ms for: E:\Users\Hamish\IdeaProjects\AutoPortalWaypoints\neoforge\run\journeymap\colorpalette.json
[17:01:27] [Render thread/INFO] [ColorPalette] Color palette file generated for 0 blockstates in 0ms for: E:\Users\Hamish\IdeaProjects\AutoPortalWaypoints\neoforge\run\journeymap\data\sp\New World 1\colorpalette.json
[17:01:27] [Render thread/INFO] [JourneymapClient] Mapping started in .\journeymap\data\sp\New World 1\the_nether. Memory: 966MB total, 363MB free 
[17:01:27] [Render thread/INFO] [JMChunkCache] JMChunkCache: opened at .\journeymap\data\sp\New World 1\the_nether\chunk_cache
[17:01:27] [Render thread/INFO] [ChatLog] JourneyMap: Press [J]
[17:01:27] [Render thread/INFO] [InternalStateHandler] Connection initiated with Journeymap Server: true
[17:01:27] [Render thread/INFO] [InternalStateHandler] Teleport Enabled: false
[17:01:27] [Render thread/INFO] [InternalStateHandler] Expanded Radar Enabled: true
[17:01:27] [Render thread/INFO] [InternalStateHandler] Server Admin Enabled: false
[17:01:27] [Render thread/INFO] [InternalStateHandler] Server set show in-game beacons: true
[17:01:27] [Render thread/INFO] [InternalStateHandler] Server set waypoints allowed: true
[17:01:27] [Render thread/INFO] [InternalStateHandler] Server set Server Admin read only mode: true
[17:01:27] [Render thread/INFO] [InternalStateHandler] Server set maxSurfaceRenderDistance to: 0
[17:01:27] [Render thread/INFO] [InternalStateHandler] Server setmaxCaveRenderDistance to: 0
[17:01:27] [Render thread/INFO] [InternalStateHandler] Server set allow mutliplayer options: true
[17:01:27] [Render thread/INFO] [InternalStateHandler] Server set waypointTeleportOnly: false
[17:01:27] [Render thread/INFO] [InternalStateHandler] Server set globalWaypointsOnly: false
[17:01:27] [Render thread/INFO] [InternalStateHandler] Server set allow radarLateralDistance options: 512
[17:01:27] [Render thread/INFO] [InternalStateHandler] Server set allow radarVerticalDistance options: 320
[17:01:27] [Render thread/INFO] [InternalStateHandler] Server set allow maxAnimalsData options: 128
[17:01:27] [Render thread/INFO] [InternalStateHandler] Server set allow maxAmbientCreaturesData options: 128
[17:01:27] [Render thread/INFO] [InternalStateHandler] Server set allow maxMobsData options: 128
[17:01:27] [Render thread/INFO] [InternalStateHandler] Server set allow maxPlayersData options: 128
[17:01:27] [Render thread/INFO] [InternalStateHandler] Server set allow maxVillagersData options: 128
[17:01:27] [Render thread/INFO] [InternalStateHandler] Server set allow playerRadarNamesEnabled options: true
[17:01:27] [Render thread/INFO] [InternalStateHandler] Server set allow minimapEnabled options: true
[17:01:27] [Render thread/INFO] [InternalStateHandler] Server set allow hideCoordinates options: false
[17:01:35] [Render thread/INFO] [JourneymapClient] Mapping halted in .\journeymap\data\sp\New World 1\minecraft:the_nether
[17:01:35] [Render thread/INFO] [JourneymapClient] Mapping halted in .\journeymap\data\sp\New World 1\minecraft:the_nether
[17:01:36] [Render thread/INFO] [InternalStateHandler] Connection initiated with Journeymap Server: true
[17:01:36] [Render thread/INFO] [InternalStateHandler] Teleport Enabled: false
[17:01:36] [Render thread/INFO] [InternalStateHandler] Expanded Radar Enabled: true
[17:01:36] [Render thread/INFO] [InternalStateHandler] Server Admin Enabled: false
[17:01:36] [Render thread/INFO] [InternalStateHandler] Server set show in-game beacons: true
[17:01:36] [Render thread/INFO] [InternalStateHandler] Server set waypoints allowed: true
[17:01:36] [Render thread/INFO] [InternalStateHandler] Server set Server Admin read only mode: true
[17:01:36] [Render thread/INFO] [InternalStateHandler] Server set maxSurfaceRenderDistance to: 0
[17:01:36] [Render thread/INFO] [InternalStateHandler] Server setmaxCaveRenderDistance to: 0
[17:01:36] [Render thread/INFO] [InternalStateHandler] Server set allow mutliplayer options: true
[17:01:36] [Render thread/INFO] [InternalStateHandler] Server set waypointTeleportOnly: false
[17:01:36] [Render thread/INFO] [InternalStateHandler] Server set globalWaypointsOnly: false
[17:01:36] [Render thread/INFO] [InternalStateHandler] Server set allow radarLateralDistance options: 512
[17:01:36] [Render thread/INFO] [InternalStateHandler] Server set allow radarVerticalDistance options: 320
[17:01:36] [Render thread/INFO] [InternalStateHandler] Server set allow maxAnimalsData options: 128
[17:01:36] [Render thread/INFO] [InternalStateHandler] Server set allow maxAmbientCreaturesData options: 128
[17:01:36] [Render thread/INFO] [InternalStateHandler] Server set allow maxMobsData options: 128
[17:01:36] [Render thread/INFO] [InternalStateHandler] Server set allow maxPlayersData options: 128
[17:01:36] [Render thread/INFO] [InternalStateHandler] Server set allow maxVillagersData options: 128
[17:01:36] [Render thread/INFO] [InternalStateHandler] Server set allow playerRadarNamesEnabled options: true
[17:01:36] [Render thread/INFO] [InternalStateHandler] Server set allow minimapEnabled options: true
[17:01:36] [Render thread/INFO] [InternalStateHandler] Server set allow hideCoordinates options: false
[17:01:36] [Render thread/INFO] [ServerWaypointBackend] ServerWaypointBackend.save 'Portal' (guid=f8148f04-19b3-4e9b-b935-225a9eda4997, scope=SELF)
[17:01:37] [Render thread/WARN] [PropertiesBase] core (Initialized) Bad configField entry during updateFrom(): optionsManagerViewed=null
[17:01:37] [Render thread/WARN] [PropertiesBase] core (Initialized) Bad configField entry during updateFrom(): splashViewed=null
[17:01:37] [Render thread/INFO] [WaypointGroupStore] Loaded 0 waypoint groups from disk.
[17:01:37] [Render thread/INFO] [WaypointHandler] WaypointBackend selected: Server (was=null, shouldBeRemote=true, isJMServer=true, serverManagedWP=true, isServerManagedWaypointConnection=true, hasSingleplayerServer=true)
[17:01:37] [Render thread/INFO] [LegacyWaypointFileMigrator] 0 Legacy waypoints found that need to be migrated and backed up.
[17:01:37] [Render thread/INFO] [ColorPalette] Color palette file generated for 0 blockstates in 1ms for: E:\Users\Hamish\IdeaProjects\AutoPortalWaypoints\neoforge\run\journeymap\colorpalette.json
[17:01:37] [Render thread/INFO] [ColorPalette] Color palette file generated for 0 blockstates in 0ms for: E:\Users\Hamish\IdeaProjects\AutoPortalWaypoints\neoforge\run\journeymap\data\sp\New World 1\colorpalette.json
[17:01:37] [Render thread/INFO] [JourneymapClient] Mapping started in .\journeymap\data\sp\New World 1\overworld. Memory: 1160MB total, 341MB free 
[17:01:37] [Render thread/INFO] [JMChunkCache] JMChunkCache: opened at .\journeymap\data\sp\New World 1\overworld\chunk_cache
[17:01:37] [Render thread/INFO] [InternalStateHandler] Connection initiated with Journeymap Server: true
[17:01:37] [Render thread/INFO] [InternalStateHandler] Teleport Enabled: false
[17:01:37] [Render thread/INFO] [InternalStateHandler] Expanded Radar Enabled: true
[17:01:37] [Render thread/INFO] [InternalStateHandler] Server Admin Enabled: false
[17:01:37] [Render thread/INFO] [InternalStateHandler] Server set show in-game beacons: true
[17:01:37] [Render thread/INFO] [InternalStateHandler] Server set waypoints allowed: true
[17:01:37] [Render thread/INFO] [InternalStateHandler] Server set Server Admin read only mode: true
[17:01:37] [Render thread/INFO] [InternalStateHandler] Server set maxSurfaceRenderDistance to: 0
[17:01:37] [Render thread/INFO] [InternalStateHandler] Server setmaxCaveRenderDistance to: 0
[17:01:37] [Render thread/INFO] [InternalStateHandler] Server set allow mutliplayer options: true
[17:01:37] [Render thread/INFO] [InternalStateHandler] Server set waypointTeleportOnly: false
[17:01:37] [Render thread/INFO] [InternalStateHandler] Server set globalWaypointsOnly: false
[17:01:37] [Render thread/INFO] [InternalStateHandler] Server set allow radarLateralDistance options: 512
[17:01:37] [Render thread/INFO] [InternalStateHandler] Server set allow radarVerticalDistance options: 320
[17:01:37] [Render thread/INFO] [InternalStateHandler] Server set allow maxAnimalsData options: 128
[17:01:37] [Render thread/INFO] [InternalStateHandler] Server set allow maxAmbientCreaturesData options: 128
[17:01:37] [Render thread/INFO] [InternalStateHandler] Server set allow maxMobsData options: 128
[17:01:37] [Render thread/INFO] [InternalStateHandler] Server set allow maxPlayersData options: 128
[17:01:37] [Render thread/INFO] [InternalStateHandler] Server set allow maxVillagersData options: 128
[17:01:37] [Render thread/INFO] [InternalStateHandler] Server set allow playerRadarNamesEnabled options: true
[17:01:37] [Render thread/INFO] [InternalStateHandler] Server set allow minimapEnabled options: true
[17:01:37] [Render thread/INFO] [InternalStateHandler] Server set allow hideCoordinates options: false
[17:01:47] [Render thread/INFO] [JourneymapClient] Mapping halted in .\journeymap\data\sp\New World 1\minecraft:overworld
[17:01:47] [Render thread/INFO] [JourneymapClient] Mapping halted in .\journeymap\data\sp\New World 1\minecraft:overworld
[17:01:47] [Render thread/INFO] [InternalStateHandler] Connection initiated with Journeymap Server: true
[17:01:47] [Render thread/INFO] [InternalStateHandler] Teleport Enabled: false
[17:01:47] [Render thread/INFO] [InternalStateHandler] Expanded Radar Enabled: true
[17:01:47] [Render thread/INFO] [InternalStateHandler] Server Admin Enabled: false
[17:01:47] [Render thread/INFO] [InternalStateHandler] Server set show in-game beacons: true
[17:01:47] [Render thread/INFO] [InternalStateHandler] Server set waypoints allowed: true
[17:01:47] [Render thread/INFO] [InternalStateHandler] Server set Server Admin read only mode: true
[17:01:47] [Render thread/INFO] [InternalStateHandler] Server set maxSurfaceRenderDistance to: 0
[17:01:47] [Render thread/INFO] [InternalStateHandler] Server setmaxCaveRenderDistance to: 0
[17:01:47] [Render thread/INFO] [InternalStateHandler] Server set allow mutliplayer options: true
[17:01:47] [Render thread/INFO] [InternalStateHandler] Server set waypointTeleportOnly: false
[17:01:47] [Render thread/INFO] [InternalStateHandler] Server set globalWaypointsOnly: false
[17:01:47] [Render thread/INFO] [InternalStateHandler] Server set allow radarLateralDistance options: 512
[17:01:47] [Render thread/INFO] [InternalStateHandler] Server set allow radarVerticalDistance options: 320
[17:01:47] [Render thread/INFO] [InternalStateHandler] Server set allow maxAnimalsData options: 128
[17:01:47] [Render thread/INFO] [InternalStateHandler] Server set allow maxAmbientCreaturesData options: 128
[17:01:47] [Render thread/INFO] [InternalStateHandler] Server set allow maxMobsData options: 128
[17:01:47] [Render thread/INFO] [InternalStateHandler] Server set allow maxPlayersData options: 128
[17:01:47] [Render thread/INFO] [InternalStateHandler] Server set allow maxVillagersData options: 128
[17:01:47] [Render thread/INFO] [InternalStateHandler] Server set allow playerRadarNamesEnabled options: true
[17:01:47] [Render thread/INFO] [InternalStateHandler] Server set allow minimapEnabled options: true
[17:01:47] [Render thread/INFO] [InternalStateHandler] Server set allow hideCoordinates options: false
[17:01:47] [Render thread/INFO] [ServerWaypointBackend] ServerWaypointBackend.save 'Portal' (guid=278be2e4-3cce-470f-88c2-4d673966d014, scope=SELF)
[17:01:48] [Render thread/WARN] [PropertiesBase] core (Initialized) Bad configField entry during updateFrom(): optionsManagerViewed=null
[17:01:48] [Render thread/WARN] [PropertiesBase] core (Initialized) Bad configField entry during updateFrom(): splashViewed=null
[17:01:48] [Render thread/INFO] [WaypointGroupStore] Loaded 0 waypoint groups from disk.
[17:01:48] [Render thread/INFO] [WaypointHandler] WaypointBackend selected: Server (was=null, shouldBeRemote=true, isJMServer=true, serverManagedWP=true, isServerManagedWaypointConnection=true, hasSingleplayerServer=true)
[17:01:48] [Render thread/INFO] [LegacyWaypointFileMigrator] 0 Legacy waypoints found that need to be migrated and backed up.
[17:01:48] [Render thread/INFO] [ColorPalette] Color palette file generated for 0 blockstates in 1ms for: E:\Users\Hamish\IdeaProjects\AutoPortalWaypoints\neoforge\run\journeymap\colorpalette.json
[17:01:48] [Render thread/INFO] [ColorPalette] Color palette file generated for 0 blockstates in 0ms for: E:\Users\Hamish\IdeaProjects\AutoPortalWaypoints\neoforge\run\journeymap\data\sp\New World 1\colorpalette.json
[17:01:48] [Render thread/INFO] [JourneymapClient] Mapping started in .\journeymap\data\sp\New World 1\the_nether. Memory: 1358MB total, 743MB free 
[17:01:48] [Render thread/INFO] [JMChunkCache] JMChunkCache: opened at .\journeymap\data\sp\New World 1\the_nether\chunk_cache
[17:01:48] [Render thread/INFO] [InternalStateHandler] Connection initiated with Journeymap Server: true
[17:01:48] [Render thread/INFO] [InternalStateHandler] Teleport Enabled: false
[17:01:48] [Render thread/INFO] [InternalStateHandler] Expanded Radar Enabled: true
[17:01:48] [Render thread/INFO] [InternalStateHandler] Server Admin Enabled: false
[17:01:48] [Render thread/INFO] [InternalStateHandler] Server set show in-game beacons: true
[17:01:48] [Render thread/INFO] [InternalStateHandler] Server set waypoints allowed: true
[17:01:48] [Render thread/INFO] [InternalStateHandler] Server set Server Admin read only mode: true
[17:01:48] [Render thread/INFO] [InternalStateHandler] Server set maxSurfaceRenderDistance to: 0
[17:01:48] [Render thread/INFO] [InternalStateHandler] Server setmaxCaveRenderDistance to: 0
[17:01:48] [Render thread/INFO] [InternalStateHandler] Server set allow mutliplayer options: true
[17:01:48] [Render thread/INFO] [InternalStateHandler] Server set waypointTeleportOnly: false
[17:01:48] [Render thread/INFO] [InternalStateHandler] Server set globalWaypointsOnly: false
[17:01:48] [Render thread/INFO] [InternalStateHandler] Server set allow radarLateralDistance options: 512
[17:01:48] [Render thread/INFO] [InternalStateHandler] Server set allow radarVerticalDistance options: 320
[17:01:48] [Render thread/INFO] [InternalStateHandler] Server set allow maxAnimalsData options: 128
[17:01:48] [Render thread/INFO] [InternalStateHandler] Server set allow maxAmbientCreaturesData options: 128
[17:01:48] [Render thread/INFO] [InternalStateHandler] Server set allow maxMobsData options: 128
[17:01:48] [Render thread/INFO] [InternalStateHandler] Server set allow maxPlayersData options: 128
[17:01:48] [Render thread/INFO] [InternalStateHandler] Server set allow maxVillagersData options: 128
[17:01:48] [Render thread/INFO] [InternalStateHandler] Server set allow playerRadarNamesEnabled options: true
[17:01:48] [Render thread/INFO] [InternalStateHandler] Server set allow minimapEnabled options: true
[17:01:48] [Render thread/INFO] [InternalStateHandler] Server set allow hideCoordinates options: false
[17:01:53] [Render thread/INFO] [JourneymapClient] Mapping halted in .\journeymap\data\sp\New World 1\minecraft:the_nether
[17:01:53] [Render thread/INFO] [JourneymapClient] Mapping halted in .\journeymap\data\sp\New World 1\minecraft:the_nether
[17:01:53] [Render thread/INFO] [InternalStateHandler] Connection initiated with Journeymap Server: true
[17:01:53] [Render thread/INFO] [InternalStateHandler] Teleport Enabled: false
[17:01:53] [Render thread/INFO] [InternalStateHandler] Expanded Radar Enabled: true
[17:01:53] [Render thread/INFO] [InternalStateHandler] Server Admin Enabled: false
[17:01:53] [Render thread/INFO] [InternalStateHandler] Server set show in-game beacons: true
[17:01:53] [Render thread/INFO] [InternalStateHandler] Server set waypoints allowed: true
[17:01:53] [Render thread/INFO] [InternalStateHandler] Server set Server Admin read only mode: true
[17:01:53] [Render thread/INFO] [InternalStateHandler] Server set maxSurfaceRenderDistance to: 0
[17:01:53] [Render thread/INFO] [InternalStateHandler] Server setmaxCaveRenderDistance to: 0
[17:01:53] [Render thread/INFO] [InternalStateHandler] Server set allow mutliplayer options: true
[17:01:53] [Render thread/INFO] [InternalStateHandler] Server set waypointTeleportOnly: false
[17:01:53] [Render thread/INFO] [InternalStateHandler] Server set globalWaypointsOnly: false
[17:01:53] [Render thread/INFO] [InternalStateHandler] Server set allow radarLateralDistance options: 512
[17:01:53] [Render thread/INFO] [InternalStateHandler] Server set allow radarVerticalDistance options: 320
[17:01:53] [Render thread/INFO] [InternalStateHandler] Server set allow maxAnimalsData options: 128
[17:01:53] [Render thread/INFO] [InternalStateHandler] Server set allow maxAmbientCreaturesData options: 128
[17:01:53] [Render thread/INFO] [InternalStateHandler] Server set allow maxMobsData options: 128
[17:01:53] [Render thread/INFO] [InternalStateHandler] Server set allow maxPlayersData options: 128
[17:01:53] [Render thread/INFO] [InternalStateHandler] Server set allow maxVillagersData options: 128
[17:01:53] [Render thread/INFO] [InternalStateHandler] Server set allow playerRadarNamesEnabled options: true
[17:01:53] [Render thread/INFO] [InternalStateHandler] Server set allow minimapEnabled options: true
[17:01:53] [Render thread/INFO] [InternalStateHandler] Server set allow hideCoordinates options: false
[17:01:54] [Render thread/INFO] [TextureCache] [JourneyMap]: Purging Theme Images
[17:01:54] [Render thread/INFO] [TextureCache] [JourneyMap]: Purging Region Images
[17:01:54] [Render thread/INFO] [TextureCache] [JourneyMap]: Purging Mob Icon Images
[17:01:54] [Render thread/INFO] [WaypointStore] Loaded 0 waypoints from disk.
[17:01:54] [Render thread/INFO] [WaypointGroupStore] Loaded 4 waypoint groups from disk.
[17:01:54] [Render thread/INFO] [WaypointHandler] WaypointBackend selected: Client (was=null, shouldBeRemote=false, isJMServer=false, serverManagedWP=false, isServerManagedWaypointConnection=false, hasSingleplayerServer=false)
[17:01:54] [Render thread/INFO] [LegacyWaypointFileMigrator] 0 Legacy waypoints found that need to be migrated and backed up.
